Build started at 2024-09-23T14:08:19.545036
Main binary: /usr/bin/python3
Build Options: -Dprefix=/home/cci/ashish/ash_open5gs/install
Python system: Linux
The Meson build system
Version: 0.53.2
Source dir: /home/cci/ashish/ash_open5gs
Build dir: /home/cci/ashish/ash_open5gs/build
Build type: native build
Project name: open5gs
Project version: 2.6.5
No CFLAGS in the environment, not changing global flags.
No LDFLAGS in the environment, not changing global flags.
No CPPFLAGS in the environment, not changing global flags.
Sanity testing C compiler: cc
Is cross compiler: False.
Sanity check compiler command line: cc /home/cci/ashish/ash_open5gs/build/meson-private/sanitycheckc.c -o /home/cci/ashish/ash_open5gs/build/meson-private/sanitycheckc.exe -pipe -D_FILE_OFFSET_BITS=64
Sanity check compile stdout:

-----
Sanity check compile stderr:

-----
Running test binary command: /home/cci/ashish/ash_open5gs/build/meson-private/sanitycheckc.exe
C compiler for the build machine: cc (gcc 9.4.0 "cc (Ubuntu 9.4.0-1ubuntu1~20.04.2) 9.4.0")
C linker for the build machine: cc ld.bfd 2.34
No CXXFLAGS in the environment, not changing global flags.
No LDFLAGS in the environment, not changing global flags.
No CPPFLAGS in the environment, not changing global flags.
Sanity testing C++ compiler: c++
Is cross compiler: False.
Sanity check compiler command line: c++ /home/cci/ashish/ash_open5gs/build/meson-private/sanitycheckcpp.cc -o /home/cci/ashish/ash_open5gs/build/meson-private/sanitycheckcpp.exe -pipe -D_FILE_OFFSET_BITS=64
Sanity check compile stdout:

-----
Sanity check compile stderr:

-----
Running test binary command: /home/cci/ashish/ash_open5gs/build/meson-private/sanitycheckcpp.exe
C++ compiler for the build machine: c++ (gcc 9.4.0 "c++ (Ubuntu 9.4.0-1ubuntu1~20.04.2) 9.4.0")
C++ linker for the build machine: c++ ld.bfd 2.34
No CFLAGS in the environment, not changing global flags.
No LDFLAGS in the environment, not changing global flags.
No CPPFLAGS in the environment, not changing global flags.
Sanity testing C compiler: cc
Is cross compiler: False.
Sanity check compiler command line: cc /home/cci/ashish/ash_open5gs/build/meson-private/sanitycheckc.c -o /home/cci/ashish/ash_open5gs/build/meson-private/sanitycheckc.exe -pipe -D_FILE_OFFSET_BITS=64
Sanity check compile stdout:

-----
Sanity check compile stderr:

-----
Running test binary command: /home/cci/ashish/ash_open5gs/build/meson-private/sanitycheckc.exe
C compiler for the host machine: cc (gcc 9.4.0 "cc (Ubuntu 9.4.0-1ubuntu1~20.04.2) 9.4.0")
C linker for the host machine: cc ld.bfd 2.34
No CXXFLAGS in the environment, not changing global flags.
No LDFLAGS in the environment, not changing global flags.
No CPPFLAGS in the environment, not changing global flags.
Sanity testing C++ compiler: c++
Is cross compiler: False.
Sanity check compiler command line: c++ /home/cci/ashish/ash_open5gs/build/meson-private/sanitycheckcpp.cc -o /home/cci/ashish/ash_open5gs/build/meson-private/sanitycheckcpp.exe -pipe -D_FILE_OFFSET_BITS=64
Sanity check compile stdout:

-----
Sanity check compile stderr:

-----
Running test binary command: /home/cci/ashish/ash_open5gs/build/meson-private/sanitycheckcpp.exe
C++ compiler for the host machine: c++ (gcc 9.4.0 "c++ (Ubuntu 9.4.0-1ubuntu1~20.04.2) 9.4.0")
C++ linker for the host machine: c++ ld.bfd 2.34
Build machine cpu family: x86_64
Build machine cpu: x86_64
Host machine cpu family: x86_64
Host machine cpu: x86_64
Target machine cpu family: x86_64
Target machine cpu: x86_64
Program git found: YES (/usr/bin/git)
Program python3 found: YES (/usr/bin/python3)
Program cppcheck found: NO
Program run-clang-tidy found: NO
Program clang-tidy found: NO
Program /usr/bin/python3 found: YES (/usr/bin/python3)
Running compile:
Working directory:  /home/cci/ashish/ash_open5gs/build/meson-private/tmptqb9sxqj
Command line:  cc /home/cci/ashish/ash_open5gs/build/meson-private/tmptqb9sxqj/testfile.c -o /home/cci/ashish/ash_open5gs/build/meson-private/tmptqb9sxqj/output.obj -pipe -c -D_FILE_OFFSET_BITS=64 -O0 -Wextra 

Code:
 int i;

Compiler stdout:
 
Compiler stderr:
 
Compiler for C supports arguments -Wextra: YES 
Running compile:
Working directory:  /home/cci/ashish/ash_open5gs/build/meson-private/tmp8lllst4p
Command line:  cc /home/cci/ashish/ash_open5gs/build/meson-private/tmp8lllst4p/testfile.c -o /home/cci/ashish/ash_open5gs/build/meson-private/tmp8lllst4p/output.obj -pipe -c -D_FILE_OFFSET_BITS=64 -O0 -Wlogical-op 

Code:
 int i;

Compiler stdout:
 
Compiler stderr:
 
Compiler for C supports arguments -Wlogical-op: YES 
Running compile:
Working directory:  /home/cci/ashish/ash_open5gs/build/meson-private/tmpvavxurst
Command line:  cc /home/cci/ashish/ash_open5gs/build/meson-private/tmpvavxurst/testfile.c -o /home/cci/ashish/ash_open5gs/build/meson-private/tmpvavxurst/output.obj -pipe -c -D_FILE_OFFSET_BITS=64 -O0 -Werror=pointer-arith 

Code:
 int i;

Compiler stdout:
 
Compiler stderr:
 
Compiler for C supports arguments -Werror=pointer-arith: YES 
Running compile:
Working directory:  /home/cci/ashish/ash_open5gs/build/meson-private/tmp5zd6ypau
Command line:  cc /home/cci/ashish/ash_open5gs/build/meson-private/tmp5zd6ypau/testfile.c -o /home/cci/ashish/ash_open5gs/build/meson-private/tmp5zd6ypau/output.obj -pipe -c -D_FILE_OFFSET_BITS=64 -O0 -Werror=init-self 

Code:
 int i;

Compiler stdout:
 
Compiler stderr:
 
Compiler for C supports arguments -Werror=init-self: YES 
Running compile:
Working directory:  /home/cci/ashish/ash_open5gs/build/meson-private/tmptomj61qp
Command line:  cc /home/cci/ashish/ash_open5gs/build/meson-private/tmptomj61qp/testfile.c -o /home/cci/ashish/ash_open5gs/build/meson-private/tmptomj61qp/output.obj -pipe -c -D_FILE_OFFSET_BITS=64 -O0 -Wfloat-equal 

Code:
 int i;

Compiler stdout:
 
Compiler stderr:
 
Compiler for C supports arguments -Wfloat-equal: YES 
Running compile:
Working directory:  /home/cci/ashish/ash_open5gs/build/meson-private/tmptdyticdj
Command line:  cc /home/cci/ashish/ash_open5gs/build/meson-private/tmptdyticdj/testfile.c -o /home/cci/ashish/ash_open5gs/build/meson-private/tmptdyticdj/output.obj -pipe -c -D_FILE_OFFSET_BITS=64 -O0 -Wsuggest-attribute=noreturn 

Code:
 int i;

Compiler stdout:
 
Compiler stderr:
 
Compiler for C supports arguments -Wsuggest-attribute=noreturn: YES 
Running compile:
Working directory:  /home/cci/ashish/ash_open5gs/build/meson-private/tmp_2bx7d1a
Command line:  cc /home/cci/ashish/ash_open5gs/build/meson-private/tmp_2bx7d1a/testfile.c -o /home/cci/ashish/ash_open5gs/build/meson-private/tmp_2bx7d1a/output.obj -pipe -c -D_FILE_OFFSET_BITS=64 -O0 -Werror=missing-prototypes 

Code:
 int i;

Compiler stdout:
 
Compiler stderr:
 
Compiler for C supports arguments -Werror=missing-prototypes: YES 
Running compile:
Working directory:  /home/cci/ashish/ash_open5gs/build/meson-private/tmpn5sgogyn
Command line:  cc /home/cci/ashish/ash_open5gs/build/meson-private/tmpn5sgogyn/testfile.c -o /home/cci/ashish/ash_open5gs/build/meson-private/tmpn5sgogyn/output.obj -pipe -c -D_FILE_OFFSET_BITS=64 -O0 -Werror=missing-declarations 

Code:
 int i;

Compiler stdout:
 
Compiler stderr:
 
Compiler for C supports arguments -Werror=missing-declarations: YES 
Running compile:
Working directory:  /home/cci/ashish/ash_open5gs/build/meson-private/tmpzsw08ork
Command line:  cc /home/cci/ashish/ash_open5gs/build/meson-private/tmpzsw08ork/testfile.c -o /home/cci/ashish/ash_open5gs/build/meson-private/tmpzsw08ork/output.obj -pipe -c -D_FILE_OFFSET_BITS=64 -O0 -Werror=implicit-function-declaration 

Code:
 int i;

Compiler stdout:
 
Compiler stderr:
 
Compiler for C supports arguments -Werror=implicit-function-declaration: YES 
Running compile:
Working directory:  /home/cci/ashish/ash_open5gs/build/meson-private/tmp2w_s0_wx
Command line:  cc /home/cci/ashish/ash_open5gs/build/meson-private/tmp2w_s0_wx/testfile.c -o /home/cci/ashish/ash_open5gs/build/meson-private/tmp2w_s0_wx/output.obj -pipe -c -D_FILE_OFFSET_BITS=64 -O0 -Werror=return-type 

Code:
 int i;

Compiler stdout:
 
Compiler stderr:
 
Compiler for C supports arguments -Werror=return-type: YES 
Running compile:
Working directory:  /home/cci/ashish/ash_open5gs/build/meson-private/tmputtp4cnz
Command line:  cc /home/cci/ashish/ash_open5gs/build/meson-private/tmputtp4cnz/testfile.c -o /home/cci/ashish/ash_open5gs/build/meson-private/tmputtp4cnz/output.obj -pipe -c -D_FILE_OFFSET_BITS=64 -O0 -Werror=incompatible-pointer-types 

Code:
 int i;

Compiler stdout:
 
Compiler stderr:
 
Compiler for C supports arguments -Werror=incompatible-pointer-types: YES 
Running compile:
Working directory:  /home/cci/ashish/ash_open5gs/build/meson-private/tmpc_f7c_qd
Command line:  cc /home/cci/ashish/ash_open5gs/build/meson-private/tmpc_f7c_qd/testfile.c -o /home/cci/ashish/ash_open5gs/build/meson-private/tmpc_f7c_qd/output.obj -pipe -c -D_FILE_OFFSET_BITS=64 -O0 -Werror=format=2 

Code:
 int i;

Compiler stdout:
 
Compiler stderr:
 
Compiler for C supports arguments -Werror=format=2: YES 
Running compile:
Working directory:  /home/cci/ashish/ash_open5gs/build/meson-private/tmpn87xi9j1
Command line:  cc /home/cci/ashish/ash_open5gs/build/meson-private/tmpn87xi9j1/testfile.c -o /home/cci/ashish/ash_open5gs/build/meson-private/tmpn87xi9j1/output.obj -pipe -c -D_FILE_OFFSET_BITS=64 -O0 -Wstrict-prototypes 

Code:
 int i;

Compiler stdout:
 
Compiler stderr:
 
Compiler for C supports arguments -Wstrict-prototypes: YES 
Running compile:
Working directory:  /home/cci/ashish/ash_open5gs/build/meson-private/tmpqs709s51
Command line:  cc /home/cci/ashish/ash_open5gs/build/meson-private/tmpqs709s51/testfile.c -o /home/cci/ashish/ash_open5gs/build/meson-private/tmpqs709s51/output.obj -pipe -c -D_FILE_OFFSET_BITS=64 -O0 -Wredundant-decls 

Code:
 int i;

Compiler stdout:
 
Compiler stderr:
 
Compiler for C supports arguments -Wredundant-decls: YES 
Running compile:
Working directory:  /home/cci/ashish/ash_open5gs/build/meson-private/tmp845bf52l
Command line:  cc /home/cci/ashish/ash_open5gs/build/meson-private/tmp845bf52l/testfile.c -o /home/cci/ashish/ash_open5gs/build/meson-private/tmp845bf52l/output.obj -pipe -c -D_FILE_OFFSET_BITS=64 -O0 -Wimplicit-fallthrough=5 

Code:
 int i;

Compiler stdout:
 
Compiler stderr:
 
Compiler for C supports arguments -Wimplicit-fallthrough=5: YES 
Running compile:
Working directory:  /home/cci/ashish/ash_open5gs/build/meson-private/tmp8tfo20eo
Command line:  cc /home/cci/ashish/ash_open5gs/build/meson-private/tmp8tfo20eo/testfile.c -o /home/cci/ashish/ash_open5gs/build/meson-private/tmp8tfo20eo/output.obj -pipe -c -D_FILE_OFFSET_BITS=64 -O0 -Wendif-labels 

Code:
 int i;

Compiler stdout:
 
Compiler stderr:
 
Compiler for C supports arguments -Wendif-labels: YES 
Running compile:
Working directory:  /home/cci/ashish/ash_open5gs/build/meson-private/tmp5z4c3y_k
Command line:  cc /home/cci/ashish/ash_open5gs/build/meson-private/tmp5z4c3y_k/testfile.c -o /home/cci/ashish/ash_open5gs/build/meson-private/tmp5z4c3y_k/output.obj -pipe -c -D_FILE_OFFSET_BITS=64 -O0 -Wstrict-aliasing=3 

Code:
 int i;

Compiler stdout:
 
Compiler stderr:
 
Compiler for C supports arguments -Wstrict-aliasing=3: YES 
Running compile:
Working directory:  /home/cci/ashish/ash_open5gs/build/meson-private/tmphvh8qp0o
Command line:  cc /home/cci/ashish/ash_open5gs/build/meson-private/tmphvh8qp0o/testfile.c -o /home/cci/ashish/ash_open5gs/build/meson-private/tmphvh8qp0o/output.obj -pipe -c -D_FILE_OFFSET_BITS=64 -O0 -Wwrite-strings 

Code:
 int i;

Compiler stdout:
 
Compiler stderr:
 
Compiler for C supports arguments -Wwrite-strings: YES 
Running compile:
Working directory:  /home/cci/ashish/ash_open5gs/build/meson-private/tmpdwz70_5v
Command line:  cc /home/cci/ashish/ash_open5gs/build/meson-private/tmpdwz70_5v/testfile.c -o /home/cci/ashish/ash_open5gs/build/meson-private/tmpdwz70_5v/output.obj -pipe -c -D_FILE_OFFSET_BITS=64 -O0 -Werror=overflow 

Code:
 int i;

Compiler stdout:
 
Compiler stderr:
 
Compiler for C supports arguments -Werror=overflow: YES 
Running compile:
Working directory:  /home/cci/ashish/ash_open5gs/build/meson-private/tmpganob4pt
Command line:  cc /home/cci/ashish/ash_open5gs/build/meson-private/tmpganob4pt/testfile.c -o /home/cci/ashish/ash_open5gs/build/meson-private/tmpganob4pt/output.obj -pipe -c -D_FILE_OFFSET_BITS=64 -O0 -Werror=shift-count-overflow 

Code:
 int i;

Compiler stdout:
 
Compiler stderr:
 
Compiler for C supports arguments -Werror=shift-count-overflow: YES 
Running compile:
Working directory:  /home/cci/ashish/ash_open5gs/build/meson-private/tmpg6a5cxhx
Command line:  cc /home/cci/ashish/ash_open5gs/build/meson-private/tmpg6a5cxhx/testfile.c -o /home/cci/ashish/ash_open5gs/build/meson-private/tmpg6a5cxhx/output.obj -pipe -c -D_FILE_OFFSET_BITS=64 -O0 -Werror=shift-overflow=2 

Code:
 int i;

Compiler stdout:
 
Compiler stderr:
 
Compiler for C supports arguments -Werror=shift-overflow=2: YES 
Running compile:
Working directory:  /home/cci/ashish/ash_open5gs/build/meson-private/tmpy5jv2rla
Command line:  cc /home/cci/ashish/ash_open5gs/build/meson-private/tmpy5jv2rla/testfile.c -o /home/cci/ashish/ash_open5gs/build/meson-private/tmpy5jv2rla/output.obj -pipe -c -D_FILE_OFFSET_BITS=64 -O0 -Wdate-time 

Code:
 int i;

Compiler stdout:
 
Compiler stderr:
 
Compiler for C supports arguments -Wdate-time: YES 
Running compile:
Working directory:  /home/cci/ashish/ash_open5gs/build/meson-private/tmpo2myyuzl
Command line:  cc /home/cci/ashish/ash_open5gs/build/meson-private/tmpo2myyuzl/testfile.c -o /home/cci/ashish/ash_open5gs/build/meson-private/tmpo2myyuzl/output.obj -pipe -c -D_FILE_OFFSET_BITS=64 -O0 -Wnested-externs 

Code:
 int i;

Compiler stdout:
 
Compiler stderr:
 
Compiler for C supports arguments -Wnested-externs: YES 
Running compile:
Working directory:  /home/cci/ashish/ash_open5gs/build/meson-private/tmp4z6h0r3r
Command line:  cc /home/cci/ashish/ash_open5gs/build/meson-private/tmp4z6h0r3r/testfile.c -o /home/cci/ashish/ash_open5gs/build/meson-private/tmp4z6h0r3r/output.obj -pipe -c -D_FILE_OFFSET_BITS=64 -O0 -Wunused 

Code:
 int i;

Compiler stdout:
 
Compiler stderr:
 
Compiler for C supports arguments -Wunused: YES 
Running compile:
Working directory:  /home/cci/ashish/ash_open5gs/build/meson-private/tmp0bkbdu98
Command line:  cc /home/cci/ashish/ash_open5gs/build/meson-private/tmp0bkbdu98/testfile.c -o /home/cci/ashish/ash_open5gs/build/meson-private/tmp0bkbdu98/output.obj -pipe -c -D_FILE_OFFSET_BITS=64 -O0 -Wduplicated-branches 

Code:
 int i;

Compiler stdout:
 
Compiler stderr:
 
Compiler for C supports arguments -Wduplicated-branches: YES 
Running compile:
Working directory:  /home/cci/ashish/ash_open5gs/build/meson-private/tmp8hk4at3g
Command line:  cc /home/cci/ashish/ash_open5gs/build/meson-private/tmp8hk4at3g/testfile.c -o /home/cci/ashish/ash_open5gs/build/meson-private/tmp8hk4at3g/output.obj -pipe -c -D_FILE_OFFSET_BITS=64 -O0 -Wmisleading-indentation 

Code:
 int i;

Compiler stdout:
 
Compiler stderr:
 
Compiler for C supports arguments -Wmisleading-indentation: YES 
Running compile:
Working directory:  /home/cci/ashish/ash_open5gs/build/meson-private/tmp45gte2tv
Command line:  cc /home/cci/ashish/ash_open5gs/build/meson-private/tmp45gte2tv/testfile.c -o /home/cci/ashish/ash_open5gs/build/meson-private/tmp45gte2tv/output.obj -pipe -c -D_FILE_OFFSET_BITS=64 -O0 -Wno-sign-compare -Wsign-compare 

Code:
 int i;

Compiler stdout:
 
Compiler stderr:
 
Compiler for C supports arguments -Wno-sign-compare -Wsign-compare: YES 
Running compile:
Working directory:  /home/cci/ashish/ash_open5gs/build/meson-private/tmp6uctr84g
Command line:  cc /home/cci/ashish/ash_open5gs/build/meson-private/tmp6uctr84g/testfile.c -o /home/cci/ashish/ash_open5gs/build/meson-private/tmp6uctr84g/output.obj -pipe -c -D_FILE_OFFSET_BITS=64 -O0 -Wno-unused-parameter -Wunused-parameter 

Code:
 int i;

Compiler stdout:
 
Compiler stderr:
 
Compiler for C supports arguments -Wno-unused-parameter -Wunused-parameter: YES 
Running compile:
Working directory:  /home/cci/ashish/ash_open5gs/build/meson-private/tmp_8_18j5x
Command line:  cc /home/cci/ashish/ash_open5gs/build/meson-private/tmp_8_18j5x/testfile.c -o /home/cci/ashish/ash_open5gs/build/meson-private/tmp_8_18j5x/output.obj -pipe -c -D_FILE_OFFSET_BITS=64 -O0 -ffast-math 

Code:
 int i;

Compiler stdout:
 
Compiler stderr:
 
Compiler for C supports arguments -ffast-math: YES 
Running compile:
Working directory:  /home/cci/ashish/ash_open5gs/build/meson-private/tmpydzbjneq
Command line:  cc /home/cci/ashish/ash_open5gs/build/meson-private/tmpydzbjneq/testfile.c -o /home/cci/ashish/ash_open5gs/build/meson-private/tmpydzbjneq/output.obj -pipe -c -D_FILE_OFFSET_BITS=64 -O0 -fdiagnostics-show-option 

Code:
 int i;

Compiler stdout:
 
Compiler stderr:
 
Compiler for C supports arguments -fdiagnostics-show-option: YES 
Running compile:
Working directory:  /home/cci/ashish/ash_open5gs/build/meson-private/tmpwsmebeaw
Command line:  cc /home/cci/ashish/ash_open5gs/build/meson-private/tmpwsmebeaw/testfile.c -o /home/cci/ashish/ash_open5gs/build/meson-private/tmpwsmebeaw/output.obj -pipe -c -D_FILE_OFFSET_BITS=64 -O0 -fstack-protector 

Code:
 int i;

Compiler stdout:
 
Compiler stderr:
 
Compiler for C supports arguments -fstack-protector: YES 
Running compile:
Working directory:  /home/cci/ashish/ash_open5gs/build/meson-private/tmp9i8h3s1t
Command line:  cc /home/cci/ashish/ash_open5gs/build/meson-private/tmp9i8h3s1t/testfile.c -o /home/cci/ashish/ash_open5gs/build/meson-private/tmp9i8h3s1t/output.obj -pipe -c -D_FILE_OFFSET_BITS=64 -O0 -fstack-protector-strong 

Code:
 int i;

Compiler stdout:
 
Compiler stderr:
 
Compiler for C supports arguments -fstack-protector-strong: YES 
Running compile:
Working directory:  /home/cci/ashish/ash_open5gs/build/meson-private/tmpafidg20i
Command line:  cc /home/cci/ashish/ash_open5gs/build/meson-private/tmpafidg20i/testfile.c -o /home/cci/ashish/ash_open5gs/build/meson-private/tmpafidg20i/output.obj -pipe -c -D_FILE_OFFSET_BITS=64 -O0 --param=ssp-buffer-size=4 

Code:
 int i;

Compiler stdout:
 
Compiler stderr:
 
Compiler for C supports arguments --param=ssp-buffer-size=4: YES 
meson.build:121: WARNING: Consider using the built-in warning_level option instead of using "-Wextra".
Configuring sample.yaml using configuration
Configuring 310014.yaml using configuration
Configuring csfb.yaml using configuration
Configuring volte.yaml using configuration
Configuring vonr.yaml using configuration
Configuring slice.yaml using configuration
Configuring srsenb.yaml using configuration
Configuring non3gpp.yaml using configuration
Program /usr/bin/python3 found: YES (/usr/bin/python3)
Configuring mme.yaml using configuration
Configuring sgwc.yaml using configuration
Configuring sgwu.yaml using configuration
Configuring smf.yaml using configuration
Configuring amf.yaml using configuration
Configuring upf.yaml using configuration
Configuring hss.yaml using configuration
Configuring pcrf.yaml using configuration
Configuring nrf.yaml using configuration
Configuring scp.yaml using configuration
Configuring ausf.yaml using configuration
Configuring udm.yaml using configuration
Configuring udr.yaml using configuration
Configuring pcf.yaml using configuration
Configuring nssf.yaml using configuration
Configuring bsf.yaml using configuration
Program /usr/bin/python3 found: YES (/usr/bin/python3)
Configuring ca.crt using configuration
Configuring amf.key using configuration
Configuring ausf.key using configuration
Configuring bsf.key using configuration
Configuring hss.key using configuration
Configuring mme.key using configuration
Configuring nrf.key using configuration
Configuring nssf.key using configuration
Configuring pcf.key using configuration
Configuring pcrf.key using configuration
Configuring scp.key using configuration
Configuring smf.key using configuration
Configuring udm.key using configuration
Configuring udr.key using configuration
Configuring amf.crt using configuration
Configuring ausf.crt using configuration
Configuring bsf.crt using configuration
Configuring hss.crt using configuration
Configuring mme.crt using configuration
Configuring nrf.crt using configuration
Configuring nssf.crt using configuration
Configuring pcf.crt using configuration
Configuring pcrf.crt using configuration
Configuring scp.crt using configuration
Configuring smf.crt using configuration
Configuring udm.crt using configuration
Configuring udr.crt using configuration
Configuring testserver.key using configuration
Configuring testserver.crt using configuration
Configuring testclient.key using configuration
Configuring testclient.crt using configuration
Program /usr/bin/python3 found: YES (/usr/bin/python3)
Configuring curve25519-1.key using configuration
Configuring secp256r1-2.key using configuration
Configuring curve25519-3.key using configuration
Configuring secp256r1-4.key using configuration
Configuring curve25519-5.key using configuration
Configuring secp256r1-6.key using configuration
Program /usr/bin/python3 found: YES (/usr/bin/python3)
Configuring mme.conf using configuration
Configuring hss.conf using configuration
Configuring smf.conf using configuration
Configuring pcrf.conf using configuration
Configuring open5gs-mmed.service using configuration
Configuring open5gs-sgwcd.service using configuration
Configuring open5gs-smfd.service using configuration
Configuring open5gs-amfd.service using configuration
Configuring open5gs-sgwud.service using configuration
Configuring open5gs-upfd.service using configuration
Configuring open5gs-hssd.service using configuration
Configuring open5gs-pcrfd.service using configuration
Configuring open5gs-nrfd.service using configuration
Configuring open5gs-scpd.service using configuration
Configuring open5gs-ausfd.service using configuration
Configuring open5gs-udmd.service using configuration
Configuring open5gs-pcfd.service using configuration
Configuring open5gs-nssfd.service using configuration
Configuring open5gs-bsfd.service using configuration
Configuring open5gs-udrd.service using configuration
Configuring 99-open5gs.netdev using configuration
Configuring 99-open5gs.network using configuration
Configuring open5gs using configuration
Configuring open5gs.conf using configuration
Running compile:
Working directory:  /home/cci/ashish/ash_open5gs/build/meson-private/tmpb27csba9
Command line:  cc /home/cci/ashish/ash_open5gs/build/meson-private/tmpb27csba9/testfile.c -pipe -E -P -D_FILE_OFFSET_BITS=64 -P -O0 -std=gnu89 

Code:
 
        #ifdef __has_include
         #if !__has_include("arpa/inet.h")
          #error "Header 'arpa/inet.h' could not be found"
         #endif
        #else
         #include <arpa/inet.h>
        #endif
Compiler stdout:
 
Compiler stderr:
 
Has header "arpa/inet.h" : YES 
Running compile:
Working directory:  /home/cci/ashish/ash_open5gs/build/meson-private/tmpd70w9kia
Command line:  cc /home/cci/ashish/ash_open5gs/build/meson-private/tmpd70w9kia/testfile.c -pipe -E -P -D_FILE_OFFSET_BITS=64 -P -O0 -std=gnu89 

Code:
 
        #ifdef __has_include
         #if !__has_include("ctype.h")
          #error "Header 'ctype.h' could not be found"
         #endif
        #else
         #include <ctype.h>
        #endif
Compiler stdout:
 
Compiler stderr:
 
Has header "ctype.h" : YES 
Running compile:
Working directory:  /home/cci/ashish/ash_open5gs/build/meson-private/tmps_pcwh3q
Command line:  cc /home/cci/ashish/ash_open5gs/build/meson-private/tmps_pcwh3q/testfile.c -pipe -E -P -D_FILE_OFFSET_BITS=64 -P -O0 -std=gnu89 

Code:
 
        #ifdef __has_include
         #if !__has_include("errno.h")
          #error "Header 'errno.h' could not be found"
         #endif
        #else
         #include <errno.h>
        #endif
Compiler stdout:
 
Compiler stderr:
 
Has header "errno.h" : YES 
Running compile:
Working directory:  /home/cci/ashish/ash_open5gs/build/meson-private/tmp1684gils
Command line:  cc /home/cci/ashish/ash_open5gs/build/meson-private/tmp1684gils/testfile.c -pipe -E -P -D_FILE_OFFSET_BITS=64 -P -O0 -std=gnu89 

Code:
 
        #ifdef __has_include
         #if !__has_include("execinfo.h")
          #error "Header 'execinfo.h' could not be found"
         #endif
        #else
         #include <execinfo.h>
        #endif
Compiler stdout:
 
Compiler stderr:
 
Has header "execinfo.h" : YES 
Running compile:
Working directory:  /home/cci/ashish/ash_open5gs/build/meson-private/tmp1oo74qcr
Command line:  cc /home/cci/ashish/ash_open5gs/build/meson-private/tmp1oo74qcr/testfile.c -pipe -E -P -D_FILE_OFFSET_BITS=64 -P -O0 -std=gnu89 

Code:
 
        #ifdef __has_include
         #if !__has_include("fcntl.h")
          #error "Header 'fcntl.h' could not be found"
         #endif
        #else
         #include <fcntl.h>
        #endif
Compiler stdout:
 
Compiler stderr:
 
Has header "fcntl.h" : YES 
Running compile:
Working directory:  /home/cci/ashish/ash_open5gs/build/meson-private/tmp7cn80y0n
Command line:  cc /home/cci/ashish/ash_open5gs/build/meson-private/tmp7cn80y0n/testfile.c -pipe -E -P -D_FILE_OFFSET_BITS=64 -P -O0 -std=gnu89 

Code:
 
        #ifdef __has_include
         #if !__has_include("ifaddrs.h")
          #error "Header 'ifaddrs.h' could not be found"
         #endif
        #else
         #include <ifaddrs.h>
        #endif
Compiler stdout:
 
Compiler stderr:
 
Has header "ifaddrs.h" : YES 
Running compile:
Working directory:  /home/cci/ashish/ash_open5gs/build/meson-private/tmpxxzwejaj
Command line:  cc /home/cci/ashish/ash_open5gs/build/meson-private/tmpxxzwejaj/testfile.c -pipe -E -P -D_FILE_OFFSET_BITS=64 -P -O0 -std=gnu89 

Code:
 
        #ifdef __has_include
         #if !__has_include("netdb.h")
          #error "Header 'netdb.h' could not be found"
         #endif
        #else
         #include <netdb.h>
        #endif
Compiler stdout:
 
Compiler stderr:
 
Has header "netdb.h" : YES 
Running compile:
Working directory:  /home/cci/ashish/ash_open5gs/build/meson-private/tmpids5oa65
Command line:  cc /home/cci/ashish/ash_open5gs/build/meson-private/tmpids5oa65/testfile.c -pipe -E -P -D_FILE_OFFSET_BITS=64 -P -O0 -std=gnu89 

Code:
 
        #ifdef __has_include
         #if !__has_include("pthread.h")
          #error "Header 'pthread.h' could not be found"
         #endif
        #else
         #include <pthread.h>
        #endif
Compiler stdout:
 
Compiler stderr:
 
Has header "pthread.h" : YES 
Running compile:
Working directory:  /home/cci/ashish/ash_open5gs/build/meson-private/tmp86wxlqyx
Command line:  cc /home/cci/ashish/ash_open5gs/build/meson-private/tmp86wxlqyx/testfile.c -pipe -E -P -D_FILE_OFFSET_BITS=64 -P -O0 -std=gnu89 

Code:
 
        #ifdef __has_include
         #if !__has_include("signal.h")
          #error "Header 'signal.h' could not be found"
         #endif
        #else
         #include <signal.h>
        #endif
Compiler stdout:
 
Compiler stderr:
 
Has header "signal.h" : YES 
Running compile:
Working directory:  /home/cci/ashish/ash_open5gs/build/meson-private/tmpnrmoapbn
Command line:  cc /home/cci/ashish/ash_open5gs/build/meson-private/tmpnrmoapbn/testfile.c -pipe -E -P -D_FILE_OFFSET_BITS=64 -P -O0 -std=gnu89 

Code:
 
        #ifdef __has_include
         #if !__has_include("stdarg.h")
          #error "Header 'stdarg.h' could not be found"
         #endif
        #else
         #include <stdarg.h>
        #endif
Compiler stdout:
 
Compiler stderr:
 
Has header "stdarg.h" : YES 
Running compile:
Working directory:  /home/cci/ashish/ash_open5gs/build/meson-private/tmpuitx8brx
Command line:  cc /home/cci/ashish/ash_open5gs/build/meson-private/tmpuitx8brx/testfile.c -pipe -E -P -D_FILE_OFFSET_BITS=64 -P -O0 -std=gnu89 

Code:
 
        #ifdef __has_include
         #if !__has_include("stddef.h")
          #error "Header 'stddef.h' could not be found"
         #endif
        #else
         #include <stddef.h>
        #endif
Compiler stdout:
 
Compiler stderr:
 
Has header "stddef.h" : YES 
Running compile:
Working directory:  /home/cci/ashish/ash_open5gs/build/meson-private/tmpwl8z1fnn
Command line:  cc /home/cci/ashish/ash_open5gs/build/meson-private/tmpwl8z1fnn/testfile.c -pipe -E -P -D_FILE_OFFSET_BITS=64 -P -O0 -std=gnu89 

Code:
 
        #ifdef __has_include
         #if !__has_include("stdio.h")
          #error "Header 'stdio.h' could not be found"
         #endif
        #else
         #include <stdio.h>
        #endif
Compiler stdout:
 
Compiler stderr:
 
Has header "stdio.h" : YES 
Running compile:
Working directory:  /home/cci/ashish/ash_open5gs/build/meson-private/tmpmai2061e
Command line:  cc /home/cci/ashish/ash_open5gs/build/meson-private/tmpmai2061e/testfile.c -pipe -E -P -D_FILE_OFFSET_BITS=64 -P -O0 -std=gnu89 

Code:
 
        #ifdef __has_include
         #if !__has_include("stdint.h")
          #error "Header 'stdint.h' could not be found"
         #endif
        #else
         #include <stdint.h>
        #endif
Compiler stdout:
 
Compiler stderr:
 
Has header "stdint.h" : YES 
Running compile:
Working directory:  /home/cci/ashish/ash_open5gs/build/meson-private/tmpzb0f_ymu
Command line:  cc /home/cci/ashish/ash_open5gs/build/meson-private/tmpzb0f_ymu/testfile.c -pipe -E -P -D_FILE_OFFSET_BITS=64 -P -O0 -std=gnu89 

Code:
 
        #ifdef __has_include
         #if !__has_include("stdbool.h")
          #error "Header 'stdbool.h' could not be found"
         #endif
        #else
         #include <stdbool.h>
        #endif
Compiler stdout:
 
Compiler stderr:
 
Has header "stdbool.h" : YES 
Running compile:
Working directory:  /home/cci/ashish/ash_open5gs/build/meson-private/tmp9ot6biik
Command line:  cc /home/cci/ashish/ash_open5gs/build/meson-private/tmp9ot6biik/testfile.c -pipe -E -P -D_FILE_OFFSET_BITS=64 -P -O0 -std=gnu89 

Code:
 
        #ifdef __has_include
         #if !__has_include("stdlib.h")
          #error "Header 'stdlib.h' could not be found"
         #endif
        #else
         #include <stdlib.h>
        #endif
Compiler stdout:
 
Compiler stderr:
 
Has header "stdlib.h" : YES 
Running compile:
Working directory:  /home/cci/ashish/ash_open5gs/build/meson-private/tmpz18_q_q0
Command line:  cc /home/cci/ashish/ash_open5gs/build/meson-private/tmpz18_q_q0/testfile.c -pipe -E -P -D_FILE_OFFSET_BITS=64 -P -O0 -std=gnu89 

Code:
 
        #ifdef __has_include
         #if !__has_include("string.h")
          #error "Header 'string.h' could not be found"
         #endif
        #else
         #include <string.h>
        #endif
Compiler stdout:
 
Compiler stderr:
 
Has header "string.h" : YES 
Running compile:
Working directory:  /home/cci/ashish/ash_open5gs/build/meson-private/tmpgtiafm7a
Command line:  cc /home/cci/ashish/ash_open5gs/build/meson-private/tmpgtiafm7a/testfile.c -pipe -E -P -D_FILE_OFFSET_BITS=64 -P -O0 -std=gnu89 

Code:
 
        #ifdef __has_include
         #if !__has_include("strings.h")
          #error "Header 'strings.h' could not be found"
         #endif
        #else
         #include <strings.h>
        #endif
Compiler stdout:
 
Compiler stderr:
 
Has header "strings.h" : YES 
Running compile:
Working directory:  /home/cci/ashish/ash_open5gs/build/meson-private/tmpu7me8mdc
Command line:  cc /home/cci/ashish/ash_open5gs/build/meson-private/tmpu7me8mdc/testfile.c -pipe -E -P -D_FILE_OFFSET_BITS=64 -P -O0 -std=gnu89 

Code:
 
        #ifdef __has_include
         #if !__has_include("time.h")
          #error "Header 'time.h' could not be found"
         #endif
        #else
         #include <time.h>
        #endif
Compiler stdout:
 
Compiler stderr:
 
Has header "time.h" : YES 
Running compile:
Working directory:  /home/cci/ashish/ash_open5gs/build/meson-private/tmpy8j1k7t0
Command line:  cc /home/cci/ashish/ash_open5gs/build/meson-private/tmpy8j1k7t0/testfile.c -pipe -E -P -D_FILE_OFFSET_BITS=64 -P -O0 -std=gnu89 

Code:
 
        #ifdef __has_include
         #if !__has_include("sys/time.h")
          #error "Header 'sys/time.h' could not be found"
         #endif
        #else
         #include <sys/time.h>
        #endif
Compiler stdout:
 
Compiler stderr:
 
Has header "sys/time.h" : YES 
Running compile:
Working directory:  /home/cci/ashish/ash_open5gs/build/meson-private/tmpi2icwyt4
Command line:  cc /home/cci/ashish/ash_open5gs/build/meson-private/tmpi2icwyt4/testfile.c -pipe -E -P -D_FILE_OFFSET_BITS=64 -P -O0 -std=gnu89 

Code:
 
        #ifdef __has_include
         #if !__has_include("unistd.h")
          #error "Header 'unistd.h' could not be found"
         #endif
        #else
         #include <unistd.h>
        #endif
Compiler stdout:
 
Compiler stderr:
 
Has header "unistd.h" : YES 
Running compile:
Working directory:  /home/cci/ashish/ash_open5gs/build/meson-private/tmp21ruh9zy
Command line:  cc /home/cci/ashish/ash_open5gs/build/meson-private/tmp21ruh9zy/testfile.c -pipe -E -P -D_FILE_OFFSET_BITS=64 -P -O0 -std=gnu89 

Code:
 
        #ifdef __has_include
         #if !__has_include("net/if.h")
          #error "Header 'net/if.h' could not be found"
         #endif
        #else
         #include <net/if.h>
        #endif
Compiler stdout:
 
Compiler stderr:
 
Has header "net/if.h" : YES 
Running compile:
Working directory:  /home/cci/ashish/ash_open5gs/build/meson-private/tmpf_z1p5i_
Command line:  cc /home/cci/ashish/ash_open5gs/build/meson-private/tmpf_z1p5i_/testfile.c -pipe -E -P -D_FILE_OFFSET_BITS=64 -P -O0 -std=gnu89 

Code:
 
        #ifdef __has_include
         #if !__has_include("netinet/in.h")
          #error "Header 'netinet/in.h' could not be found"
         #endif
        #else
         #include <netinet/in.h>
        #endif
Compiler stdout:
 
Compiler stderr:
 
Has header "netinet/in.h" : YES 
Running compile:
Working directory:  /home/cci/ashish/ash_open5gs/build/meson-private/tmpmw0xhz8d
Command line:  cc /home/cci/ashish/ash_open5gs/build/meson-private/tmpmw0xhz8d/testfile.c -pipe -E -P -D_FILE_OFFSET_BITS=64 -P -O0 -std=gnu89 

Code:
 
        #ifdef __has_include
         #if !__has_include("netinet/in_systm.h")
          #error "Header 'netinet/in_systm.h' could not be found"
         #endif
        #else
         #include <netinet/in_systm.h>
        #endif
Compiler stdout:
 
Compiler stderr:
 
Has header "netinet/in_systm.h" : YES 
Running compile:
Working directory:  /home/cci/ashish/ash_open5gs/build/meson-private/tmp5gxvigsb
Command line:  cc /home/cci/ashish/ash_open5gs/build/meson-private/tmp5gxvigsb/testfile.c -pipe -E -P -D_FILE_OFFSET_BITS=64 -P -O0 -std=gnu89 

Code:
 
        #ifdef __has_include
         #if !__has_include("netinet/udp.h")
          #error "Header 'netinet/udp.h' could not be found"
         #endif
        #else
         #include <netinet/udp.h>
        #endif
Compiler stdout:
 
Compiler stderr:
 
Has header "netinet/udp.h" : YES 
Running compile:
Working directory:  /home/cci/ashish/ash_open5gs/build/meson-private/tmpt1uv6niy
Command line:  cc /home/cci/ashish/ash_open5gs/build/meson-private/tmpt1uv6niy/testfile.c -pipe -E -P -D_FILE_OFFSET_BITS=64 -P -O0 -std=gnu89 

Code:
 
        #ifdef __has_include
         #if !__has_include("netinet/tcp.h")
          #error "Header 'netinet/tcp.h' could not be found"
         #endif
        #else
         #include <netinet/tcp.h>
        #endif
Compiler stdout:
 
Compiler stderr:
 
Has header "netinet/tcp.h" : YES 
Running compile:
Working directory:  /home/cci/ashish/ash_open5gs/build/meson-private/tmp57z73atq
Command line:  cc /home/cci/ashish/ash_open5gs/build/meson-private/tmp57z73atq/testfile.c -pipe -E -P -D_FILE_OFFSET_BITS=64 -P -O0 -std=gnu89 

Code:
 
        #ifdef __has_include
         #if !__has_include("sys/ioctl.h")
          #error "Header 'sys/ioctl.h' could not be found"
         #endif
        #else
         #include <sys/ioctl.h>
        #endif
Compiler stdout:
 
Compiler stderr:
 
Has header "sys/ioctl.h" : YES 
Running compile:
Working directory:  /home/cci/ashish/ash_open5gs/build/meson-private/tmparjmz85n
Command line:  cc /home/cci/ashish/ash_open5gs/build/meson-private/tmparjmz85n/testfile.c -pipe -E -P -D_FILE_OFFSET_BITS=64 -P -O0 -std=gnu89 

Code:
 
        #ifdef __has_include
         #if !__has_include("sys/param.h")
          #error "Header 'sys/param.h' could not be found"
         #endif
        #else
         #include <sys/param.h>
        #endif
Compiler stdout:
 
Compiler stderr:
 
Has header "sys/param.h" : YES 
Running compile:
Working directory:  /home/cci/ashish/ash_open5gs/build/meson-private/tmpmkw21b7s
Command line:  cc /home/cci/ashish/ash_open5gs/build/meson-private/tmpmkw21b7s/testfile.c -pipe -E -P -D_FILE_OFFSET_BITS=64 -P -O0 -std=gnu89 

Code:
 
        #ifdef __has_include
         #if !__has_include("sys/random.h")
          #error "Header 'sys/random.h' could not be found"
         #endif
        #else
         #include <sys/random.h>
        #endif
Compiler stdout:
 
Compiler stderr:
 
Has header "sys/random.h" : YES 
Running compile:
Working directory:  /home/cci/ashish/ash_open5gs/build/meson-private/tmp8_v8bhny
Command line:  cc /home/cci/ashish/ash_open5gs/build/meson-private/tmp8_v8bhny/testfile.c -pipe -E -P -D_FILE_OFFSET_BITS=64 -P -O0 -std=gnu89 

Code:
 
        #ifdef __has_include
         #if !__has_include("sys/socket.h")
          #error "Header 'sys/socket.h' could not be found"
         #endif
        #else
         #include <sys/socket.h>
        #endif
Compiler stdout:
 
Compiler stderr:
 
Has header "sys/socket.h" : YES 
Running compile:
Working directory:  /home/cci/ashish/ash_open5gs/build/meson-private/tmpgpt1t5l0
Command line:  cc /home/cci/ashish/ash_open5gs/build/meson-private/tmpgpt1t5l0/testfile.c -pipe -E -P -D_FILE_OFFSET_BITS=64 -P -O0 -std=gnu89 

Code:
 
        #ifdef __has_include
         #if !__has_include("sys/stat.h")
          #error "Header 'sys/stat.h' could not be found"
         #endif
        #else
         #include <sys/stat.h>
        #endif
Compiler stdout:
 
Compiler stderr:
 
Has header "sys/stat.h" : YES 
Running compile:
Working directory:  /home/cci/ashish/ash_open5gs/build/meson-private/tmp4kywyirr
Command line:  cc /home/cci/ashish/ash_open5gs/build/meson-private/tmp4kywyirr/testfile.c -pipe -E -P -D_FILE_OFFSET_BITS=64 -P -O0 -std=gnu89 

Code:
 
        #ifdef __has_include
         #if !__has_include("limits.h")
          #error "Header 'limits.h' could not be found"
         #endif
        #else
         #include <limits.h>
        #endif
Compiler stdout:
 
Compiler stderr:
 
Has header "limits.h" : YES 
Running compile:
Working directory:  /home/cci/ashish/ash_open5gs/build/meson-private/tmpj1iw_4tx
Command line:  cc /home/cci/ashish/ash_open5gs/build/meson-private/tmpj1iw_4tx/testfile.c -pipe -E -P -D_FILE_OFFSET_BITS=64 -P -O0 -std=gnu89 

Code:
 
        #ifdef __has_include
         #if !__has_include("sys/syslimits.h")
          #error "Header 'sys/syslimits.h' could not be found"
         #endif
        #else
         #include <sys/syslimits.h>
        #endif
Compiler stdout:
 
Compiler stderr:
 /home/cci/ashish/ash_open5gs/build/meson-private/tmpj1iw_4tx/testfile.c:4:12: error: #error "Header 'sys/syslimits.h' could not be found"
    4 |           #error "Header 'sys/syslimits.h' could not be found"
      |            ^~~~~

Has header "sys/syslimits.h" : NO 
Running compile:
Working directory:  /home/cci/ashish/ash_open5gs/build/meson-private/tmp9mcgk4fq
Command line:  cc /home/cci/ashish/ash_open5gs/build/meson-private/tmp9mcgk4fq/testfile.c -pipe -E -P -D_FILE_OFFSET_BITS=64 -P -O0 -std=gnu89 

Code:
 
        #ifdef __has_include
         #if !__has_include("sys/types.h")
          #error "Header 'sys/types.h' could not be found"
         #endif
        #else
         #include <sys/types.h>
        #endif
Compiler stdout:
 
Compiler stderr:
 
Has header "sys/types.h" : YES 
Running compile:
Working directory:  /home/cci/ashish/ash_open5gs/build/meson-private/tmpcel3gaa2
Command line:  cc /home/cci/ashish/ash_open5gs/build/meson-private/tmpcel3gaa2/testfile.c -pipe -E -P -D_FILE_OFFSET_BITS=64 -P -O0 -std=gnu89 

Code:
 
        #ifdef __has_include
         #if !__has_include("sys/wait.h")
          #error "Header 'sys/wait.h' could not be found"
         #endif
        #else
         #include <sys/wait.h>
        #endif
Compiler stdout:
 
Compiler stderr:
 
Has header "sys/wait.h" : YES 
Running compile:
Working directory:  /home/cci/ashish/ash_open5gs/build/meson-private/tmpk0h7ah2g
Command line:  cc /home/cci/ashish/ash_open5gs/build/meson-private/tmpk0h7ah2g/testfile.c -pipe -E -P -D_FILE_OFFSET_BITS=64 -P -O0 -std=gnu89 

Code:
 
        #ifdef __has_include
         #if !__has_include("sys/uio.h")
          #error "Header 'sys/uio.h' could not be found"
         #endif
        #else
         #include <sys/uio.h>
        #endif
Compiler stdout:
 
Compiler stderr:
 
Has header "sys/uio.h" : YES 
Running compile:
Working directory:  /home/cci/ashish/ash_open5gs/build/meson-private/tmpm0pqzzl0
Command line:  cc /home/cci/ashish/ash_open5gs/build/meson-private/tmpm0pqzzl0/testfile.c -o /home/cci/ashish/ash_open5gs/build/meson-private/tmpm0pqzzl0/output.exe -pipe -D_FILE_OFFSET_BITS=64 -O0 -std=gnu89 

Code:
 
        #define arc4random meson_disable_define_of_arc4random
        
        #include <limits.h>
        #undef arc4random
        
        #ifdef __cplusplus
        extern "C"
        #endif
        char arc4random (void);
        
        #if defined __stub_arc4random || defined __stub___arc4random
        fail fail fail this function is not going to work
        #endif
        
        int main(void) {
          return arc4random ();
        }
Compiler stdout:
 
Compiler stderr:
 /usr/bin/ld: /tmp/cc8hw5la.o: in function `main':
testfile.c:(.text+0x9): undefined reference to `arc4random'
collect2: error: ld returned 1 exit status

Running compile:
Working directory:  /home/cci/ashish/ash_open5gs/build/meson-private/tmphqavfe5t
Command line:  cc /home/cci/ashish/ash_open5gs/build/meson-private/tmphqavfe5t/testfile.c -o /home/cci/ashish/ash_open5gs/build/meson-private/tmphqavfe5t/output.exe -pipe -D_FILE_OFFSET_BITS=64 -O0 -std=gnu89 

Code:
 
        int main(void) {
        #ifdef __has_builtin
            #if !__has_builtin(__builtin_arc4random)
                #error "__builtin_arc4random not found"
            #endif
        #elif ! defined(arc4random)
            /* Check for __builtin_arc4random only if no includes were added to the
             * prefix above, which means no definition of arc4random can be found.
             * We would always check for this, but we get false positives on
             * MSYS2 if we do. Their toolchain is broken, but we can at least
             * give them a workaround. */
            #if 1
                __builtin_arc4random;
            #else
                #error "No definition for __builtin_arc4random found in the prefix"
            #endif
        #endif
        return 0;
        }
Compiler stdout:
 
Compiler stderr:
 /home/cci/ashish/ash_open5gs/build/meson-private/tmphqavfe5t/testfile.c: In function 'main':
/home/cci/ashish/ash_open5gs/build/meson-private/tmphqavfe5t/testfile.c:14:17: error: '__builtin_arc4random' undeclared (first use in this function); did you mean '__builtin_acos'?
   14 |                 __builtin_arc4random;
      |                 ^~~~~~~~~~~~~~~~~~~~
      |                 __builtin_acos
/home/cci/ashish/ash_open5gs/build/meson-private/tmphqavfe5t/testfile.c:14:17: note: each undeclared identifier is reported only once for each function it appears in

Checking for function "arc4random" : NO 
Running compile:
Working directory:  /home/cci/ashish/ash_open5gs/build/meson-private/tmpsej7peag
Command line:  cc /home/cci/ashish/ash_open5gs/build/meson-private/tmpsej7peag/testfile.c -o /home/cci/ashish/ash_open5gs/build/meson-private/tmpsej7peag/output.exe -pipe -D_FILE_OFFSET_BITS=64 -O0 -std=gnu89 

Code:
 
        #define arc4random_buf meson_disable_define_of_arc4random_buf
        
        #include <limits.h>
        #undef arc4random_buf
        
        #ifdef __cplusplus
        extern "C"
        #endif
        char arc4random_buf (void);
        
        #if defined __stub_arc4random_buf || defined __stub___arc4random_buf
        fail fail fail this function is not going to work
        #endif
        
        int main(void) {
          return arc4random_buf ();
        }
Compiler stdout:
 
Compiler stderr:
 /usr/bin/ld: /tmp/ccXIlOjK.o: in function `main':
testfile.c:(.text+0x9): undefined reference to `arc4random_buf'
collect2: error: ld returned 1 exit status

Running compile:
Working directory:  /home/cci/ashish/ash_open5gs/build/meson-private/tmpk8ivcs1n
Command line:  cc /home/cci/ashish/ash_open5gs/build/meson-private/tmpk8ivcs1n/testfile.c -o /home/cci/ashish/ash_open5gs/build/meson-private/tmpk8ivcs1n/output.exe -pipe -D_FILE_OFFSET_BITS=64 -O0 -std=gnu89 

Code:
 
        int main(void) {
        #ifdef __has_builtin
            #if !__has_builtin(__builtin_arc4random_buf)
                #error "__builtin_arc4random_buf not found"
            #endif
        #elif ! defined(arc4random_buf)
            /* Check for __builtin_arc4random_buf only if no includes were added to the
             * prefix above, which means no definition of arc4random_buf can be found.
             * We would always check for this, but we get false positives on
             * MSYS2 if we do. Their toolchain is broken, but we can at least
             * give them a workaround. */
            #if 1
                __builtin_arc4random_buf;
            #else
                #error "No definition for __builtin_arc4random_buf found in the prefix"
            #endif
        #endif
        return 0;
        }
Compiler stdout:
 
Compiler stderr:
 /home/cci/ashish/ash_open5gs/build/meson-private/tmpk8ivcs1n/testfile.c: In function 'main':
/home/cci/ashish/ash_open5gs/build/meson-private/tmpk8ivcs1n/testfile.c:14:17: error: '__builtin_arc4random_buf' undeclared (first use in this function)
   14 |                 __builtin_arc4random_buf;
      |                 ^~~~~~~~~~~~~~~~~~~~~~~~
/home/cci/ashish/ash_open5gs/build/meson-private/tmpk8ivcs1n/testfile.c:14:17: note: each undeclared identifier is reported only once for each function it appears in

Checking for function "arc4random_buf" : NO 
Running compile:
Working directory:  /home/cci/ashish/ash_open5gs/build/meson-private/tmpp_0jmt3x
Command line:  cc /home/cci/ashish/ash_open5gs/build/meson-private/tmpp_0jmt3x/testfile.c -o /home/cci/ashish/ash_open5gs/build/meson-private/tmpp_0jmt3x/output.exe -pipe -D_FILE_OFFSET_BITS=64 -O0 -std=gnu89 

Code:
 
        #define getrandom meson_disable_define_of_getrandom
        
        #include <limits.h>
        #undef getrandom
        
        #ifdef __cplusplus
        extern "C"
        #endif
        char getrandom (void);
        
        #if defined __stub_getrandom || defined __stub___getrandom
        fail fail fail this function is not going to work
        #endif
        
        int main(void) {
          return getrandom ();
        }
Compiler stdout:
 
Compiler stderr:
 
Checking for function "getrandom" : YES 
Running compile:
Working directory:  /home/cci/ashish/ash_open5gs/build/meson-private/tmpjnbjlgbp
Command line:  cc /home/cci/ashish/ash_open5gs/build/meson-private/tmpjnbjlgbp/testfile.c -o /home/cci/ashish/ash_open5gs/build/meson-private/tmpjnbjlgbp/output.exe -pipe -D_FILE_OFFSET_BITS=64 -O0 -std=gnu89 

Code:
 
        #define localtime_r meson_disable_define_of_localtime_r
        
        #include <limits.h>
        #undef localtime_r
        
        #ifdef __cplusplus
        extern "C"
        #endif
        char localtime_r (void);
        
        #if defined __stub_localtime_r || defined __stub___localtime_r
        fail fail fail this function is not going to work
        #endif
        
        int main(void) {
          return localtime_r ();
        }
Compiler stdout:
 
Compiler stderr:
 
Checking for function "localtime_r" : YES 
Running compile:
Working directory:  /home/cci/ashish/ash_open5gs/build/meson-private/tmp093bd_03
Command line:  cc /home/cci/ashish/ash_open5gs/build/meson-private/tmp093bd_03/testfile.c -o /home/cci/ashish/ash_open5gs/build/meson-private/tmp093bd_03/output.exe -pipe -D_FILE_OFFSET_BITS=64 -O0 -std=gnu89 

Code:
 
        #define getifaddrs meson_disable_define_of_getifaddrs
        
        #include <limits.h>
        #undef getifaddrs
        
        #ifdef __cplusplus
        extern "C"
        #endif
        char getifaddrs (void);
        
        #if defined __stub_getifaddrs || defined __stub___getifaddrs
        fail fail fail this function is not going to work
        #endif
        
        int main(void) {
          return getifaddrs ();
        }
Compiler stdout:
 
Compiler stderr:
 
Checking for function "getifaddrs" : YES 
Running compile:
Working directory:  /home/cci/ashish/ash_open5gs/build/meson-private/tmpgqo0sdwz
Command line:  cc /home/cci/ashish/ash_open5gs/build/meson-private/tmpgqo0sdwz/testfile.c -o /home/cci/ashish/ash_open5gs/build/meson-private/tmpgqo0sdwz/output.exe -pipe -D_FILE_OFFSET_BITS=64 -O0 -std=gnu89 

Code:
 
        #define getenv meson_disable_define_of_getenv
        
        #include <limits.h>
        #undef getenv
        
        #ifdef __cplusplus
        extern "C"
        #endif
        char getenv (void);
        
        #if defined __stub_getenv || defined __stub___getenv
        fail fail fail this function is not going to work
        #endif
        
        int main(void) {
          return getenv ();
        }
Compiler stdout:
 
Compiler stderr:
 
Checking for function "getenv" : YES 
Running compile:
Working directory:  /home/cci/ashish/ash_open5gs/build/meson-private/tmpibz7zxg5
Command line:  cc /home/cci/ashish/ash_open5gs/build/meson-private/tmpibz7zxg5/testfile.c -o /home/cci/ashish/ash_open5gs/build/meson-private/tmpibz7zxg5/output.exe -pipe -D_FILE_OFFSET_BITS=64 -O0 -std=gnu89 

Code:
 
        #define putenv meson_disable_define_of_putenv
        
        #include <limits.h>
        #undef putenv
        
        #ifdef __cplusplus
        extern "C"
        #endif
        char putenv (void);
        
        #if defined __stub_putenv || defined __stub___putenv
        fail fail fail this function is not going to work
        #endif
        
        int main(void) {
          return putenv ();
        }
Compiler stdout:
 
Compiler stderr:
 
Checking for function "putenv" : YES 
Running compile:
Working directory:  /home/cci/ashish/ash_open5gs/build/meson-private/tmpywdj7l_8
Command line:  cc /home/cci/ashish/ash_open5gs/build/meson-private/tmpywdj7l_8/testfile.c -o /home/cci/ashish/ash_open5gs/build/meson-private/tmpywdj7l_8/output.exe -pipe -D_FILE_OFFSET_BITS=64 -O0 -std=gnu89 

Code:
 
        #define setenv meson_disable_define_of_setenv
        
        #include <limits.h>
        #undef setenv
        
        #ifdef __cplusplus
        extern "C"
        #endif
        char setenv (void);
        
        #if defined __stub_setenv || defined __stub___setenv
        fail fail fail this function is not going to work
        #endif
        
        int main(void) {
          return setenv ();
        }
Compiler stdout:
 
Compiler stderr:
 
Checking for function "setenv" : YES 
Running compile:
Working directory:  /home/cci/ashish/ash_open5gs/build/meson-private/tmp72jwa01h
Command line:  cc /home/cci/ashish/ash_open5gs/build/meson-private/tmp72jwa01h/testfile.c -o /home/cci/ashish/ash_open5gs/build/meson-private/tmp72jwa01h/output.exe -pipe -D_FILE_OFFSET_BITS=64 -O0 -std=gnu89 

Code:
 
        #define unsetenv meson_disable_define_of_unsetenv
        
        #include <limits.h>
        #undef unsetenv
        
        #ifdef __cplusplus
        extern "C"
        #endif
        char unsetenv (void);
        
        #if defined __stub_unsetenv || defined __stub___unsetenv
        fail fail fail this function is not going to work
        #endif
        
        int main(void) {
          return unsetenv ();
        }
Compiler stdout:
 
Compiler stderr:
 
Checking for function "unsetenv" : YES 
Running compile:
Working directory:  /home/cci/ashish/ash_open5gs/build/meson-private/tmp_jzljsui
Command line:  cc /home/cci/ashish/ash_open5gs/build/meson-private/tmp_jzljsui/testfile.c -o /home/cci/ashish/ash_open5gs/build/meson-private/tmp_jzljsui/output.exe -pipe -D_FILE_OFFSET_BITS=64 -O0 -std=gnu89 

Code:
 
        #define strerror_r meson_disable_define_of_strerror_r
        
        #include <limits.h>
        #undef strerror_r
        
        #ifdef __cplusplus
        extern "C"
        #endif
        char strerror_r (void);
        
        #if defined __stub_strerror_r || defined __stub___strerror_r
        fail fail fail this function is not going to work
        #endif
        
        int main(void) {
          return strerror_r ();
        }
Compiler stdout:
 
Compiler stderr:
 
Checking for function "strerror_r" : YES 
Running compile:
Working directory:  /home/cci/ashish/ash_open5gs/build/meson-private/tmp7mzdxn4n
Command line:  cc /home/cci/ashish/ash_open5gs/build/meson-private/tmp7mzdxn4n/testfile.c -o /home/cci/ashish/ash_open5gs/build/meson-private/tmp7mzdxn4n/output.exe -pipe -D_FILE_OFFSET_BITS=64 -O0 -std=gnu89 

Code:
 
        #define sigaction meson_disable_define_of_sigaction
        
        #include <limits.h>
        #undef sigaction
        
        #ifdef __cplusplus
        extern "C"
        #endif
        char sigaction (void);
        
        #if defined __stub_sigaction || defined __stub___sigaction
        fail fail fail this function is not going to work
        #endif
        
        int main(void) {
          return sigaction ();
        }
Compiler stdout:
 
Compiler stderr:
 
Checking for function "sigaction" : YES 
Running compile:
Working directory:  /home/cci/ashish/ash_open5gs/build/meson-private/tmpp235fwo6
Command line:  cc /home/cci/ashish/ash_open5gs/build/meson-private/tmpp235fwo6/testfile.c -o /home/cci/ashish/ash_open5gs/build/meson-private/tmpp235fwo6/output.exe -pipe -D_FILE_OFFSET_BITS=64 -O0 -std=gnu89 

Code:
 
        #define sigwait meson_disable_define_of_sigwait
        
        #include <limits.h>
        #undef sigwait
        
        #ifdef __cplusplus
        extern "C"
        #endif
        char sigwait (void);
        
        #if defined __stub_sigwait || defined __stub___sigwait
        fail fail fail this function is not going to work
        #endif
        
        int main(void) {
          return sigwait ();
        }
Compiler stdout:
 
Compiler stderr:
 
Checking for function "sigwait" : YES 
Running compile:
Working directory:  /home/cci/ashish/ash_open5gs/build/meson-private/tmpaaih4nxc
Command line:  cc /home/cci/ashish/ash_open5gs/build/meson-private/tmpaaih4nxc/testfile.c -o /home/cci/ashish/ash_open5gs/build/meson-private/tmpaaih4nxc/output.exe -pipe -D_FILE_OFFSET_BITS=64 -O0 -std=gnu89 

Code:
 
        #define sigsuspend meson_disable_define_of_sigsuspend
        
        #include <limits.h>
        #undef sigsuspend
        
        #ifdef __cplusplus
        extern "C"
        #endif
        char sigsuspend (void);
        
        #if defined __stub_sigsuspend || defined __stub___sigsuspend
        fail fail fail this function is not going to work
        #endif
        
        int main(void) {
          return sigsuspend ();
        }
Compiler stdout:
 
Compiler stderr:
 
Checking for function "sigsuspend" : YES 
Running compile:
Working directory:  /home/cci/ashish/ash_open5gs/build/meson-private/tmpg8go0vjb
Command line:  cc /home/cci/ashish/ash_open5gs/build/meson-private/tmpg8go0vjb/testfile.c -o /home/cci/ashish/ash_open5gs/build/meson-private/tmpg8go0vjb/output.exe -pipe -D_FILE_OFFSET_BITS=64 -O0 -std=gnu89 

Code:
 
        #define eventfd meson_disable_define_of_eventfd
        
        #include <limits.h>
        #undef eventfd
        
        #ifdef __cplusplus
        extern "C"
        #endif
        char eventfd (void);
        
        #if defined __stub_eventfd || defined __stub___eventfd
        fail fail fail this function is not going to work
        #endif
        
        int main(void) {
          return eventfd ();
        }
Compiler stdout:
 
Compiler stderr:
 
Checking for function "eventfd" : YES 
Running compile:
Working directory:  /home/cci/ashish/ash_open5gs/build/meson-private/tmpbh5kniqe
Command line:  cc /home/cci/ashish/ash_open5gs/build/meson-private/tmpbh5kniqe/testfile.c -o /home/cci/ashish/ash_open5gs/build/meson-private/tmpbh5kniqe/output.exe -pipe -D_FILE_OFFSET_BITS=64 -O0 -std=gnu89 

Code:
 
        #define kqueue meson_disable_define_of_kqueue
        
        #include <limits.h>
        #undef kqueue
        
        #ifdef __cplusplus
        extern "C"
        #endif
        char kqueue (void);
        
        #if defined __stub_kqueue || defined __stub___kqueue
        fail fail fail this function is not going to work
        #endif
        
        int main(void) {
          return kqueue ();
        }
Compiler stdout:
 
Compiler stderr:
 /usr/bin/ld: /tmp/ccPVR76j.o: in function `main':
testfile.c:(.text+0x9): undefined reference to `kqueue'
collect2: error: ld returned 1 exit status

Running compile:
Working directory:  /home/cci/ashish/ash_open5gs/build/meson-private/tmpzcc2txlk
Command line:  cc /home/cci/ashish/ash_open5gs/build/meson-private/tmpzcc2txlk/testfile.c -o /home/cci/ashish/ash_open5gs/build/meson-private/tmpzcc2txlk/output.exe -pipe -D_FILE_OFFSET_BITS=64 -O0 -std=gnu89 

Code:
 
        int main(void) {
        #ifdef __has_builtin
            #if !__has_builtin(__builtin_kqueue)
                #error "__builtin_kqueue not found"
            #endif
        #elif ! defined(kqueue)
            /* Check for __builtin_kqueue only if no includes were added to the
             * prefix above, which means no definition of kqueue can be found.
             * We would always check for this, but we get false positives on
             * MSYS2 if we do. Their toolchain is broken, but we can at least
             * give them a workaround. */
            #if 1
                __builtin_kqueue;
            #else
                #error "No definition for __builtin_kqueue found in the prefix"
            #endif
        #endif
        return 0;
        }
Compiler stdout:
 
Compiler stderr:
 /home/cci/ashish/ash_open5gs/build/meson-private/tmpzcc2txlk/testfile.c: In function 'main':
/home/cci/ashish/ash_open5gs/build/meson-private/tmpzcc2txlk/testfile.c:14:17: error: '__builtin_kqueue' undeclared (first use in this function); did you mean '__builtin_free'?
   14 |                 __builtin_kqueue;
      |                 ^~~~~~~~~~~~~~~~
      |                 __builtin_free
/home/cci/ashish/ash_open5gs/build/meson-private/tmpzcc2txlk/testfile.c:14:17: note: each undeclared identifier is reported only once for each function it appears in

Checking for function "kqueue" : NO 
Running compile:
Working directory:  /home/cci/ashish/ash_open5gs/build/meson-private/tmpgfvn1mkj
Command line:  cc /home/cci/ashish/ash_open5gs/build/meson-private/tmpgfvn1mkj/testfile.c -o /home/cci/ashish/ash_open5gs/build/meson-private/tmpgfvn1mkj/output.exe -pipe -D_FILE_OFFSET_BITS=64 -O0 -std=gnu89 

Code:
 
        #define epoll_ctl meson_disable_define_of_epoll_ctl
        
        #include <limits.h>
        #undef epoll_ctl
        
        #ifdef __cplusplus
        extern "C"
        #endif
        char epoll_ctl (void);
        
        #if defined __stub_epoll_ctl || defined __stub___epoll_ctl
        fail fail fail this function is not going to work
        #endif
        
        int main(void) {
          return epoll_ctl ();
        }
Compiler stdout:
 
Compiler stderr:
 
Checking for function "epoll_ctl" : YES 
Run-time dependency threads found: YES
Running compile:
Working directory:  /home/cci/ashish/ash_open5gs/build/meson-private/tmpv7ltlpo1
Command line:  cc /home/cci/ashish/ash_open5gs/build/meson-private/tmpv7ltlpo1/testfile.c -o /home/cci/ashish/ash_open5gs/build/meson-private/tmpv7ltlpo1/output.obj -pipe -c -D_FILE_OFFSET_BITS=64 -O0 -std=gnu89 

Code:
 
        #include <pthread.h>
        int main(void) {
            /* If it's not defined as a macro, try to use as a symbol */
            #ifndef pthread_barrier_wait
                pthread_barrier_wait;
            #endif
            return 0;
        }
Compiler stdout:
 
Compiler stderr:
 
Header <pthread.h> has symbol "pthread_barrier_wait" : YES 
Running compile:
Working directory:  /home/cci/ashish/ash_open5gs/build/meson-private/tmp1k82fa2_
Command line:  cc /home/cci/ashish/ash_open5gs/build/meson-private/tmp1k82fa2_/testfile.c -o /home/cci/ashish/ash_open5gs/build/meson-private/tmp1k82fa2_/output.obj -pipe -c -D_FILE_OFFSET_BITS=64 -O0 -std=gnu89 

Code:
 
        #include <signal.h>
        int main(void) {
            /* If it's not defined as a macro, try to use as a symbol */
            #ifndef sys_siglist
                sys_siglist;
            #endif
            return 0;
        }
Compiler stdout:
 
Compiler stderr:
 
Header <signal.h> has symbol "sys_siglist" : YES 
Running compile:
Working directory:  /home/cci/ashish/ash_open5gs/build/meson-private/tmpz25vz7vb
Command line:  cc /home/cci/ashish/ash_open5gs/build/meson-private/tmpz25vz7vb/testfile.c -o /home/cci/ashish/ash_open5gs/build/meson-private/tmpz25vz7vb/output.obj -pipe -c -D_FILE_OFFSET_BITS=64 -O0 -std=gnu89 

Code:
 #define _GNU_SOURCE
                      #include <string.h>
                      int func (void) {
                          char error_string[256];
                          char *ptr = strerror_r (-2, error_string, 256);
                          char c = *strerror_r (-2, error_string, 256);
                          return c != 0 && ptr != (void*) 0L;
                      }
Compiler stdout:
 
Compiler stderr:
 
Checking if "strerror_r() returns char *" compiles: YES 
Running compile:
Working directory:  /home/cci/ashish/ash_open5gs/build/meson-private/tmp3yf4mu19
Command line:  cc /home/cci/ashish/ash_open5gs/build/meson-private/tmp3yf4mu19/testfile.c -o /home/cci/ashish/ash_open5gs/build/meson-private/tmp3yf4mu19/output.exe -pipe -D_FILE_OFFSET_BITS=64 -O0 -Wl,--start-group -lexecinfo -Wl,--end-group -Wl,--allow-shlib-undefined 

Code:
 int main(void) { return 0; }
Compiler stdout:
 
Compiler stderr:
 /usr/bin/ld: cannot find -lexecinfo
collect2: error: ld returned 1 exit status

Running compile:
Working directory:  /home/cci/ashish/ash_open5gs/build/meson-private/tmpyg48srfe
Command line:  cc /home/cci/ashish/ash_open5gs/build/meson-private/tmpyg48srfe/testfile.c -o /home/cci/ashish/ash_open5gs/build/meson-private/tmpyg48srfe/output.exe -pipe -D_FILE_OFFSET_BITS=64 -O0 

Code:
 #include<stdio.h>
        
        int main(void) {
            printf("%ld\n", (long)(sizeof(void *)));
            return 0;
        };
Compiler stdout:
 
Compiler stderr:
 
Program stdout:

8

Program stderr:


Running compile:
Working directory:  /home/cci/ashish/ash_open5gs/build/meson-private/tmpak5ukbq7
Command line:  cc /home/cci/ashish/ash_open5gs/build/meson-private/tmpak5ukbq7/testfile.c -o /home/cci/ashish/ash_open5gs/build/meson-private/tmpak5ukbq7/output.obj -pipe -c -D_FILE_OFFSET_BITS=64 -O0 --print-search-dirs 

Code:
 
Compiler stdout:
 install: /usr/lib/gcc/x86_64-linux-gnu/9/
programs: =/usr/lib/gcc/x86_64-linux-gnu/9/:/usr/lib/gcc/x86_64-linux-gnu/9/:/usr/lib/gcc/x86_64-linux-gnu/:/usr/lib/gcc/x86_64-linux-gnu/9/:/usr/lib/gcc/x86_64-linux-gnu/:/usr/lib/gcc/x86_64-linux-gnu/9/../../../../x86_64-linux-gnu/bin/x86_64-linux-gnu/9/:/usr/lib/gcc/x86_64-linux-gnu/9/../../../../x86_64-linux-gnu/bin/x86_64-linux-gnu/:/usr/lib/gcc/x86_64-linux-gnu/9/../../../../x86_64-linux-gnu/bin/
libraries: =/usr/lib/gcc/x86_64-linux-gnu/9/:/usr/lib/gcc/x86_64-linux-gnu/9/../../../../x86_64-linux-gnu/lib/x86_64-linux-gnu/9/:/usr/lib/gcc/x86_64-linux-gnu/9/../../../../x86_64-linux-gnu/lib/x86_64-linux-gnu/:/usr/lib/gcc/x86_64-linux-gnu/9/../../../../x86_64-linux-gnu/lib/../lib/:/usr/lib/gcc/x86_64-linux-gnu/9/../../../x86_64-linux-gnu/9/:/usr/lib/gcc/x86_64-linux-gnu/9/../../../x86_64-linux-gnu/:/usr/lib/gcc/x86_64-linux-gnu/9/../../../../lib/:/lib/x86_64-linux-gnu/9/:/lib/x86_64-linux-gnu/:/lib/../lib/:/usr/lib/x86_64-linux-gnu/9/:/usr/lib/x86_64-linux-gnu/:/usr/lib/../lib/:/usr/lib/gcc/x86_64-linux-gnu/9/../../../../x86_64-linux-gnu/lib/:/usr/lib/gcc/x86_64-linux-gnu/9/../../../:/lib/:/usr/lib/

Compiler stderr:
 
Library execinfo found: NO
Running compile:
Working directory:  /home/cci/ashish/ash_open5gs/build/meson-private/tmpvufij3at
Command line:  cc /home/cci/ashish/ash_open5gs/build/meson-private/tmpvufij3at/testfile.c -o /home/cci/ashish/ash_open5gs/build/meson-private/tmpvufij3at/output.exe -pipe -D_FILE_OFFSET_BITS=64 -O0 -std=gnu89 

Code:
 #include <execinfo.h>
#include <limits.h>

        #if defined __stub_backtrace || defined __stub___backtrace
        fail fail fail this function is not going to work
        #endif
        
int main(void) {
            void *a = (void*) &backtrace;
            long b = (long) a;
            return (int) b;
        }
Compiler stdout:
 
Compiler stderr:
 
Checking for function "backtrace" : YES 
Running compile:
Working directory:  /home/cci/ashish/ash_open5gs/build/meson-private/tmpo0_v1hdz
Command line:  cc /home/cci/ashish/ash_open5gs/build/meson-private/tmpo0_v1hdz/testfile.c -o /home/cci/ashish/ash_open5gs/build/meson-private/tmpo0_v1hdz/output.exe -pipe -D_FILE_OFFSET_BITS=64 -O0 -std=gnu89 

Code:
 
    #include <time.h>
    struct timespec t;
    int main (int argc, char ** argv) {
        return clock_gettime(CLOCK_REALTIME, &t);
    }
Compiler stdout:
 
Compiler stderr:
 
Checking if "clock_gettime()" links: YES 
WARNING: Project targeting '>= 0.43.0' but tried to use feature introduced in '0.47.0': check arg in run_command
Running command: /usr/bin/[ -c /dev/urandom ]
--- stdout ---

--- stderr ---


Running compile:
Working directory:  /home/cci/ashish/ash_open5gs/build/meson-private/tmpjauwlrvw
Command line:  cc /home/cci/ashish/ash_open5gs/build/meson-private/tmpjauwlrvw/testfile.c -o /home/cci/ashish/ash_open5gs/build/meson-private/tmpjauwlrvw/output.exe -pipe -D_FILE_OFFSET_BITS=64 -O0 -std=gnu89 

Code:
 #include <sys/eventfd.h>
               #include <unistd.h>
               int main (int argc, char ** argv) {
                   eventfd (0, EFD_CLOEXEC);
                   return 0;
               }
Compiler stdout:
 
Compiler stderr:
 
Checking if "eventfd(2) system call" links: YES 
Running compile:
Working directory:  /home/cci/ashish/ash_open5gs/build/meson-private/tmp6nl3jhrx
Command line:  cc /home/cci/ashish/ash_open5gs/build/meson-private/tmp6nl3jhrx/testfile.c -o /home/cci/ashish/ash_open5gs/build/meson-private/tmp6nl3jhrx/output.exe -pipe -D_FILE_OFFSET_BITS=64 -O0 -Wl,--start-group -lsocket -Wl,--end-group -Wl,--allow-shlib-undefined 

Code:
 int main(void) { return 0; }
Compiler stdout:
 
Compiler stderr:
 /usr/bin/ld: cannot find -lsocket
collect2: error: ld returned 1 exit status

Library socket found: NO
Running compile:
Working directory:  /home/cci/ashish/ash_open5gs/build/meson-private/tmp0rv04gpl
Command line:  cc /home/cci/ashish/ash_open5gs/build/meson-private/tmp0rv04gpl/testfile.c -o /home/cci/ashish/ash_open5gs/build/meson-private/tmp0rv04gpl/output.exe -pipe -D_FILE_OFFSET_BITS=64 -O0 -std=gnu89 

Code:
 #include <sys/types.h>
                     #include <sys/socket.h>
                     int main (int argc, char ** argv) {
                         return socket(1, 2, 3);
                     }
Compiler stdout:
 
Compiler stderr:
 
Checking if "socket()" links: YES 
Configuring core-config-private.h using configuration
Configuring core-config.h using configuration
Pkg-config binary for MachineChoice.HOST is not cached.
Pkg-config binary missing from cross or native file, or env var undefined.
Trying a default pkg-config fallback at pkg-config
Trying pkg-config binary pkg-config for machine MachineChoice.HOST at ['/usr/bin/pkg-config']
Found pkg-config: /usr/bin/pkg-config (0.29.1)
Determining dependency 'talloc' with pkg-config executable '/usr/bin/pkg-config'
PKG_CONFIG_PATH: 
Called `/usr/bin/pkg-config --modversion talloc` -> 0
2.3.3
PKG_CONFIG_PATH: 
Called `/usr/bin/pkg-config --cflags talloc` -> 0

PKG_CONFIG_PATH: 
Called `/usr/bin/pkg-config talloc --libs` -> 0
-L/usr/lib/x86_64-linux-gnu -ltalloc
PKG_CONFIG_PATH: 
Called `/usr/bin/pkg-config talloc --libs` -> 0
-ltalloc
Running compile:
Working directory:  /home/cci/ashish/ash_open5gs/build/meson-private/tmpa18ri727
Command line:  c++ /home/cci/ashish/ash_open5gs/build/meson-private/tmpa18ri727/testfile.cpp -o /home/cci/ashish/ash_open5gs/build/meson-private/tmpa18ri727/output.exe -pipe -D_FILE_OFFSET_BITS=64 -O0 -fpermissive 

Code:
 #include<stdio.h>
        
        int main(void) {
            printf("%ld\n", (long)(sizeof(void *)));
            return 0;
        };
Compiler stdout:
 
Compiler stderr:
 
Program stdout:

8

Program stderr:


Running compile:
Working directory:  /home/cci/ashish/ash_open5gs/build/meson-private/tmpws5i47xi
Command line:  c++ /home/cci/ashish/ash_open5gs/build/meson-private/tmpws5i47xi/testfile.cpp -o /home/cci/ashish/ash_open5gs/build/meson-private/tmpws5i47xi/output.obj -pipe -c -D_FILE_OFFSET_BITS=64 -O0 -fpermissive --print-search-dirs 

Code:
 
Compiler stdout:
 install: /usr/lib/gcc/x86_64-linux-gnu/9/
programs: =/usr/lib/gcc/x86_64-linux-gnu/9/:/usr/lib/gcc/x86_64-linux-gnu/9/:/usr/lib/gcc/x86_64-linux-gnu/:/usr/lib/gcc/x86_64-linux-gnu/9/:/usr/lib/gcc/x86_64-linux-gnu/:/usr/lib/gcc/x86_64-linux-gnu/9/../../../../x86_64-linux-gnu/bin/x86_64-linux-gnu/9/:/usr/lib/gcc/x86_64-linux-gnu/9/../../../../x86_64-linux-gnu/bin/x86_64-linux-gnu/:/usr/lib/gcc/x86_64-linux-gnu/9/../../../../x86_64-linux-gnu/bin/
libraries: =/usr/lib/gcc/x86_64-linux-gnu/9/:/usr/lib/gcc/x86_64-linux-gnu/9/../../../../x86_64-linux-gnu/lib/x86_64-linux-gnu/9/:/usr/lib/gcc/x86_64-linux-gnu/9/../../../../x86_64-linux-gnu/lib/x86_64-linux-gnu/:/usr/lib/gcc/x86_64-linux-gnu/9/../../../../x86_64-linux-gnu/lib/../lib/:/usr/lib/gcc/x86_64-linux-gnu/9/../../../x86_64-linux-gnu/9/:/usr/lib/gcc/x86_64-linux-gnu/9/../../../x86_64-linux-gnu/:/usr/lib/gcc/x86_64-linux-gnu/9/../../../../lib/:/lib/x86_64-linux-gnu/9/:/lib/x86_64-linux-gnu/:/lib/../lib/:/usr/lib/x86_64-linux-gnu/9/:/usr/lib/x86_64-linux-gnu/:/usr/lib/../lib/:/usr/lib/gcc/x86_64-linux-gnu/9/../../../../x86_64-linux-gnu/lib/:/usr/lib/gcc/x86_64-linux-gnu/9/../../../:/lib/:/usr/lib/

Compiler stderr:
 
Run-time dependency talloc found: YES 2.3.3
Running compile:
Working directory:  /home/cci/ashish/ash_open5gs/build/meson-private/tmptygucy1k
Command line:  cc /home/cci/ashish/ash_open5gs/build/meson-private/tmptygucy1k/testfile.c -o /home/cci/ashish/ash_open5gs/build/meson-private/tmptygucy1k/output.obj -pipe -c -D_FILE_OFFSET_BITS=64 -O0 -Wno-shift-negative-value -Wshift-negative-value 

Code:
 int i;

Compiler stdout:
 
Compiler stderr:
 
Compiler for C supports arguments -Wno-shift-negative-value -Wshift-negative-value: YES 
Running compile:
Working directory:  /home/cci/ashish/ash_open5gs/build/meson-private/tmp8c4gz3_l
Command line:  cc /home/cci/ashish/ash_open5gs/build/meson-private/tmp8c4gz3_l/testfile.c -o /home/cci/ashish/ash_open5gs/build/meson-private/tmp8c4gz3_l/output.obj -pipe -c -D_FILE_OFFSET_BITS=64 -O0 -Wno-unused-but-set-variable -Wunused-but-set-variable 

Code:
 int i;

Compiler stdout:
 
Compiler stderr:
 
Compiler for C supports arguments -Wno-unused-but-set-variable -Wunused-but-set-variable: YES 
Running compile:
Working directory:  /home/cci/ashish/ash_open5gs/build/meson-private/tmpx1ke2q5q
Command line:  cc /home/cci/ashish/ash_open5gs/build/meson-private/tmpx1ke2q5q/testfile.c -o /home/cci/ashish/ash_open5gs/build/meson-private/tmpx1ke2q5q/output.obj -pipe -c -D_FILE_OFFSET_BITS=64 -O0 -Wno-unknown-warning-option -Wunknown-warning-option 

Code:
 int i;

Compiler stdout:
 
Compiler stderr:
 cc: error: unrecognized command line option '-Wunknown-warning-option'

Compiler for C supports arguments -Wno-unknown-warning-option -Wunknown-warning-option: NO 
Running compile:
Working directory:  /home/cci/ashish/ash_open5gs/build/meson-private/tmpghsrcowr
Command line:  cc /home/cci/ashish/ash_open5gs/build/meson-private/tmpghsrcowr/testfile.c -o /home/cci/ashish/ash_open5gs/build/meson-private/tmpghsrcowr/output.obj -pipe -c -D_FILE_OFFSET_BITS=64 -O0 -Wno-missing-prototypes -Wmissing-prototypes 

Code:
 int i;

Compiler stdout:
 
Compiler stderr:
 
Compiler for C supports arguments -Wno-missing-prototypes -Wmissing-prototypes: YES 
Running compile:
Working directory:  /home/cci/ashish/ash_open5gs/build/meson-private/tmpad0sj4s6
Command line:  cc /home/cci/ashish/ash_open5gs/build/meson-private/tmpad0sj4s6/testfile.c -o /home/cci/ashish/ash_open5gs/build/meson-private/tmpad0sj4s6/output.obj -pipe -c -D_FILE_OFFSET_BITS=64 -O0 -Wno-missing-declarations -Wmissing-declarations 

Code:
 int i;

Compiler stdout:
 
Compiler stderr:
 
Compiler for C supports arguments -Wno-missing-declarations -Wmissing-declarations: YES 
Running compile:
Working directory:  /home/cci/ashish/ash_open5gs/build/meson-private/tmpc424cno3
Command line:  cc /home/cci/ashish/ash_open5gs/build/meson-private/tmpc424cno3/testfile.c -o /home/cci/ashish/ash_open5gs/build/meson-private/tmpc424cno3/output.obj -pipe -c -D_FILE_OFFSET_BITS=64 -O0 -Wno-discarded-qualifiers -Wdiscarded-qualifiers 

Code:
 int i;

Compiler stdout:
 
Compiler stderr:
 
Compiler for C supports arguments -Wno-discarded-qualifiers -Wdiscarded-qualifiers: YES 
Running compile:
Working directory:  /home/cci/ashish/ash_open5gs/build/meson-private/tmpg7qralkt
Command line:  cc /home/cci/ashish/ash_open5gs/build/meson-private/tmpg7qralkt/testfile.c -o /home/cci/ashish/ash_open5gs/build/meson-private/tmpg7qralkt/output.obj -pipe -c -D_FILE_OFFSET_BITS=64 -O0 -Wno-redundant-decls -Wredundant-decls 

Code:
 int i;

Compiler stdout:
 
Compiler stderr:
 
Compiler for C supports arguments -Wno-redundant-decls -Wredundant-decls: YES 
Running compile:
Working directory:  /home/cci/ashish/ash_open5gs/build/meson-private/tmpujpijd_b
Command line:  cc /home/cci/ashish/ash_open5gs/build/meson-private/tmpujpijd_b/testfile.c -o /home/cci/ashish/ash_open5gs/build/meson-private/tmpujpijd_b/output.obj -pipe -c -D_FILE_OFFSET_BITS=64 -O0 -Wno-shift-overflow -Wshift-overflow 

Code:
 int i;

Compiler stdout:
 
Compiler stderr:
 
Compiler for C supports arguments -Wno-shift-overflow -Wshift-overflow: YES 
Running compile:
Working directory:  /home/cci/ashish/ash_open5gs/build/meson-private/tmpbajv0f4b
Command line:  cc /home/cci/ashish/ash_open5gs/build/meson-private/tmpbajv0f4b/testfile.c -o /home/cci/ashish/ash_open5gs/build/meson-private/tmpbajv0f4b/output.obj -pipe -c -D_FILE_OFFSET_BITS=64 -O0 -Wno-float-equal -Wfloat-equal 

Code:
 int i;

Compiler stdout:
 
Compiler stderr:
 
Compiler for C supports arguments -Wno-float-equal -Wfloat-equal: YES 
Running compile:
Working directory:  /home/cci/ashish/ash_open5gs/build/meson-private/tmpez6bx98t
Command line:  cc /home/cci/ashish/ash_open5gs/build/meson-private/tmpez6bx98t/testfile.c -o /home/cci/ashish/ash_open5gs/build/meson-private/tmpez6bx98t/output.obj -pipe -c -D_FILE_OFFSET_BITS=64 -O0 -Wno-implicit-fallthrough -Wimplicit-fallthrough 

Code:
 int i;

Compiler stdout:
 
Compiler stderr:
 
Compiler for C supports arguments -Wno-implicit-fallthrough -Wimplicit-fallthrough: YES 
Running compile:
Working directory:  /home/cci/ashish/ash_open5gs/build/meson-private/tmpj5768oy1
Command line:  cc /home/cci/ashish/ash_open5gs/build/meson-private/tmpj5768oy1/testfile.c -o /home/cci/ashish/ash_open5gs/build/meson-private/tmpj5768oy1/output.obj -pipe -c -D_FILE_OFFSET_BITS=64 -O0 -Wno-incompatible-pointer-types-discards-qualifiers -Wincompatible-pointer-types-discards-qualifiers 

Code:
 int i;

Compiler stdout:
 
Compiler stderr:
 cc: error: unrecognized command line option '-Wincompatible-pointer-types-discards-qualifiers'

Compiler for C supports arguments -Wno-incompatible-pointer-types-discards-qualifiers -Wincompatible-pointer-types-discards-qualifiers: NO 
Running compile:
Working directory:  /home/cci/ashish/ash_open5gs/build/meson-private/tmpv7pvoxov
Command line:  cc /home/cci/ashish/ash_open5gs/build/meson-private/tmpv7pvoxov/testfile.c -o /home/cci/ashish/ash_open5gs/build/meson-private/tmpv7pvoxov/output.obj -pipe -c -D_FILE_OFFSET_BITS=64 -O0 -Wno-format-nonliteral -Wformat-nonliteral 

Code:
 int i;

Compiler stdout:
 
Compiler stderr:
 
Compiler for C supports arguments -Wno-format-nonliteral -Wformat-nonliteral: YES 
Running compile:
Working directory:  /home/cci/ashish/ash_open5gs/build/meson-private/tmprq8gcdph
Command line:  cc /home/cci/ashish/ash_open5gs/build/meson-private/tmprq8gcdph/testfile.c -o /home/cci/ashish/ash_open5gs/build/meson-private/tmprq8gcdph/output.obj -pipe -c -D_FILE_OFFSET_BITS=64 -O0 -Wno-cpp -Wcpp 

Code:
 int i;

Compiler stdout:
 
Compiler stderr:
 
Compiler for C supports arguments -Wno-cpp -Wcpp: YES 
Pkg-config binary for MachineChoice.HOST is cached.
Determining dependency 'yaml-0.1' with pkg-config executable '/usr/bin/pkg-config'
PKG_CONFIG_PATH: 
Called `/usr/bin/pkg-config --modversion yaml-0.1` -> 0
0.2.2
PKG_CONFIG_PATH: 
Called `/usr/bin/pkg-config --cflags yaml-0.1` -> 0

PKG_CONFIG_PATH: 
Called `/usr/bin/pkg-config yaml-0.1 --libs` -> 0
-L/usr/lib/x86_64-linux-gnu -lyaml
PKG_CONFIG_PATH: 
Called `/usr/bin/pkg-config yaml-0.1 --libs` -> 0
-lyaml
Run-time dependency yaml-0.1 found: YES 0.2.2
Pkg-config binary for MachineChoice.HOST is cached.
Determining dependency 'libmicrohttpd' with pkg-config executable '/usr/bin/pkg-config'
PKG_CONFIG_PATH: 
Called `/usr/bin/pkg-config --modversion libmicrohttpd` -> 0
0.9.66
PKG_CONFIG_PATH: 
Called `/usr/bin/pkg-config --cflags libmicrohttpd` -> 0
-I/usr/include/p11-kit-1
PKG_CONFIG_PATH: 
Called `/usr/bin/pkg-config libmicrohttpd --libs` -> 0
-L/usr/lib/x86_64-linux-gnu -lmicrohttpd
PKG_CONFIG_PATH: 
Called `/usr/bin/pkg-config libmicrohttpd --libs` -> 0
-lmicrohttpd
Run-time dependency libmicrohttpd found: YES 0.9.66
WARNING: Project targeting '>= 0.43.0' but tried to use feature introduced in '0.51.0': subproject

Executing subproject prometheus-client-c method cmake 

CMake binary for MachineChoice.HOST is not cached
CMake binary missing from cross or native file, or env var undefined.
Trying a default CMake fallback at cmake
Trying CMake binary cmake for machine MachineChoice.HOST at ['/home/cci/.local/bin/cmake']
Found CMake: /home/cci/.local/bin/cmake (3.30.0)

Configuring the build directory with CMake version 3.30.0
Running: /home/cci/.local/bin/cmake -DCMAKE_C_COMPILER=cc -DCMAKE_CXX_COMPILER=c++ -G Ninja -DCMAKE_INSTALL_PREFIX=/home/cci/ashish/ash_open5gs/install
  - build directory:          /home/cci/ashish/ash_open5gs/build/subprojects/prometheus-client-c/__CMake_build
  - source directory:         /home/cci/ashish/ash_open5gs/subprojects/prometheus-client-c
  - trace args:               --trace --trace-expand --no-warn-unused-cli
  - preload file:             /usr/lib/python3/dist-packages/mesonbuild/cmake/data/preload.cmake
  - disabled policy warnings: [CMP0025, CMP0047, CMP0056, CMP0060, CMP0065, CMP0066, CMP0067, CMP0082, CMP0089]

Put cmake in trace mode.
Put cmake in trace mode, but with variables expanded.
Not searching for unused variables given on the command line.
WARNING: CMake Warning (dev) at /home/cci/.local/lib/python3.8/site-packages/cmake/data/share/cmake-3.30/Modules/CMakeDetermineCompiler.cmake:144 (set):
WARNING:   Policy CMP0126 is not set: set(CACHE) does not remove a normal variable of
WARNING:   the same name.  Run "cmake --help-policy CMP0126" for policy details.  Use
WARNING:   the cmake_policy command to set the policy and suppress this warning.
WARNING: 
WARNING:   For compatibility with older versions of CMake, normal variable
WARNING:   "CMAKE_C_COMPILER" will be removed from the current scope.
WARNING: Call Stack (most recent call first):
WARNING:   /home/cci/.local/lib/python3.8/site-packages/cmake/data/share/cmake-3.30/Modules/CMakeDetermineCCompiler.cmake:68 (_cmake_find_compiler_path)
WARNING:   CMakeLists.txt:9 (project)
WARNING: This warning is for project developers.  Use -Wno-dev to suppress it.
WARNING: 
-- The C compiler identification is GNU 9.4.0
-- Detecting C compiler ABI info
-- Detecting C compiler ABI info - done
-- Check for working C compiler: /usr/bin/cc - skipped
-- Detecting C compile features
-- Detecting C compile features - done
-- Performing Test CMAKE_HAVE_LIBC_PTHREAD
-- Performing Test CMAKE_HAVE_LIBC_PTHREAD - Failed
-- Looking for pthread_create in pthreads
-- Looking for pthread_create in pthreads - not found
-- Looking for pthread_create in pthread
-- Looking for pthread_create in pthread - found
-- Found Threads: TRUE
-- Performing Test HAVE_C_ATOMICS_WITHOUT_LIB
WARNING: CMake Warning (dev) at /home/cci/.local/lib/python3.8/site-packages/cmake/data/share/cmake-3.30/Modules/GNUInstallDirs.cmake:363 (mark_as_advanced):
WARNING:   Policy CMP0102 is not set: The variable named "CMAKE_INSTALL_LIBDIR" is not
WARNING:   in the cache.  This results in an empty cache entry which is no longer
WARNING:   created when policy CMP0102 is set to NEW.  Run "cmake --help-policy
WARNING:   CMP0102" for policy details.  Use the cmake_policy command to set the
WARNING:   policy and suppress this warning.
WARNING: Call Stack (most recent call first):
WARNING:   prom/CMakeLists.txt:140 (include)
WARNING: This warning is for project developers.  Use -Wno-dev to suppress it.
WARNING: 
-- Performing Test HAVE_C_ATOMICS_WITHOUT_LIB - Success
-- Performing Test HAVE_C_ATOMICS64_WITHOUT_LIB
-- Performing Test HAVE_C_ATOMICS64_WITHOUT_LIB - Success
-- Configuring done (4.2s)
-- Generating done (0.0s)
-- Build files have been written to: /home/cci/ashish/ash_open5gs/build/subprojects/prometheus-client-c/__CMake_build
WARNING: CMake Warning (dev) at prom/CMakeLists.txt:106 (add_library):
WARNING:   Policy CMP0156 is not set: De-duplicate libraries on link lines based on
WARNING:   linker capabilities.  Run "cmake --help-policy CMP0156" for policy details.
WARNING:   Use the cmake_policy command to set the policy and suppress this warning.
WARNING: 
WARNING:   Since the policy is not set, legacy libraries de-duplication strategy will
WARNING:   be applied.
WARNING: This warning is for project developers.  Use -Wno-dev to suppress it.
WARNING: 

CMake configuration: SUCCEEDED
CMake trace warning: add_executable() non imported executables are not supported
CMake TRACE: /home/cci/ashish/ash_open5gs/build/subprojects/prometheus-client-c/__CMake_build/CMakeFiles/CMakeScratch/TryCompile-KZYFB9/CMakeLists.txt:22 add_executable(['cmTC_5ae17'])
CMake trace warning: target_link_options() TARGET cmTC_5ae17 not found
CMake TRACE: /home/cci/ashish/ash_open5gs/build/subprojects/prometheus-client-c/__CMake_build/CMakeFiles/CMakeScratch/TryCompile-KZYFB9/CMakeLists.txt:28 target_link_libraries(['cmTC_5ae17', ''])
CMake trace warning: add_executable() non imported executables are not supported
CMake TRACE: /home/cci/ashish/ash_open5gs/build/subprojects/prometheus-client-c/__CMake_build/CMakeFiles/CMakeScratch/TryCompile-fq27Dc/CMakeLists.txt:21 add_executable(['cmTC_1b2e7'])
CMake trace warning: set_property() TARGET cmTC_1b2e7 not found
CMake TRACE: /home/cci/ashish/ash_open5gs/build/subprojects/prometheus-client-c/__CMake_build/CMakeFiles/CMakeScratch/TryCompile-fq27Dc/CMakeLists.txt:27 set_property(['TARGET', 'cmTC_1b2e7', 'PROPERTY', 'C_STANDARD', '11'])
CMake trace warning: set_property() TARGET cmTC_1b2e7 not found
CMake TRACE: /home/cci/ashish/ash_open5gs/build/subprojects/prometheus-client-c/__CMake_build/CMakeFiles/CMakeScratch/TryCompile-fq27Dc/CMakeLists.txt:28 set_property(['TARGET', 'cmTC_1b2e7', 'PROPERTY', 'C_STANDARD_REQUIRED', 'ON'])
CMake trace warning: target_link_options() TARGET cmTC_1b2e7 not found
CMake TRACE: /home/cci/ashish/ash_open5gs/build/subprojects/prometheus-client-c/__CMake_build/CMakeFiles/CMakeScratch/TryCompile-fq27Dc/CMakeLists.txt:29 target_link_libraries(['cmTC_1b2e7', ''])
CMake trace warning: add_executable() non imported executables are not supported
CMake TRACE: /home/cci/ashish/ash_open5gs/build/subprojects/prometheus-client-c/__CMake_build/CMakeFiles/CMakeScratch/TryCompile-UMKLqc/CMakeLists.txt:20 add_executable(['cmTC_39621'])
CMake trace warning: set_property() TARGET cmTC_39621 not found
CMake TRACE: /home/cci/ashish/ash_open5gs/build/subprojects/prometheus-client-c/__CMake_build/CMakeFiles/CMakeScratch/TryCompile-UMKLqc/CMakeLists.txt:26 set_property(['TARGET', 'cmTC_39621', 'PROPERTY', 'C_STANDARD', '11'])
CMake trace warning: set_property() TARGET cmTC_39621 not found
CMake TRACE: /home/cci/ashish/ash_open5gs/build/subprojects/prometheus-client-c/__CMake_build/CMakeFiles/CMakeScratch/TryCompile-UMKLqc/CMakeLists.txt:27 set_property(['TARGET', 'cmTC_39621', 'PROPERTY', 'C_STANDARD_REQUIRED', 'ON'])
CMake trace warning: target_link_options() TARGET cmTC_39621 not found
CMake TRACE: /home/cci/ashish/ash_open5gs/build/subprojects/prometheus-client-c/__CMake_build/CMakeFiles/CMakeScratch/TryCompile-UMKLqc/CMakeLists.txt:28 target_link_libraries(['cmTC_39621', 'pthreads'])
CMake trace warning: add_executable() non imported executables are not supported
CMake TRACE: /home/cci/ashish/ash_open5gs/build/subprojects/prometheus-client-c/__CMake_build/CMakeFiles/CMakeScratch/TryCompile-kQKBMb/CMakeLists.txt:20 add_executable(['cmTC_e7dfe'])
CMake trace warning: set_property() TARGET cmTC_e7dfe not found
CMake TRACE: /home/cci/ashish/ash_open5gs/build/subprojects/prometheus-client-c/__CMake_build/CMakeFiles/CMakeScratch/TryCompile-kQKBMb/CMakeLists.txt:26 set_property(['TARGET', 'cmTC_e7dfe', 'PROPERTY', 'C_STANDARD', '11'])
CMake trace warning: set_property() TARGET cmTC_e7dfe not found
CMake TRACE: /home/cci/ashish/ash_open5gs/build/subprojects/prometheus-client-c/__CMake_build/CMakeFiles/CMakeScratch/TryCompile-kQKBMb/CMakeLists.txt:27 set_property(['TARGET', 'cmTC_e7dfe', 'PROPERTY', 'C_STANDARD_REQUIRED', 'ON'])
CMake trace warning: target_link_options() TARGET cmTC_e7dfe not found
CMake TRACE: /home/cci/ashish/ash_open5gs/build/subprojects/prometheus-client-c/__CMake_build/CMakeFiles/CMakeScratch/TryCompile-kQKBMb/CMakeLists.txt:28 target_link_libraries(['cmTC_e7dfe', 'pthread'])
CMake trace warning: add_executable() non imported executables are not supported
CMake TRACE: /home/cci/ashish/ash_open5gs/build/subprojects/prometheus-client-c/__CMake_build/CMakeFiles/CMakeScratch/TryCompile-L5AY99/CMakeLists.txt:21 add_executable(['cmTC_b5558'])
CMake trace warning: target_link_options() TARGET cmTC_b5558 not found
CMake TRACE: /home/cci/ashish/ash_open5gs/build/subprojects/prometheus-client-c/__CMake_build/CMakeFiles/CMakeScratch/TryCompile-L5AY99/CMakeLists.txt:27 target_link_libraries(['cmTC_b5558', ''])
CMake trace warning: add_executable() non imported executables are not supported
CMake TRACE: /home/cci/ashish/ash_open5gs/build/subprojects/prometheus-client-c/__CMake_build/CMakeFiles/CMakeScratch/TryCompile-5tT729/CMakeLists.txt:21 add_executable(['cmTC_31838'])
CMake trace warning: target_link_options() TARGET cmTC_31838 not found
CMake TRACE: /home/cci/ashish/ash_open5gs/build/subprojects/prometheus-client-c/__CMake_build/CMakeFiles/CMakeScratch/TryCompile-5tT729/CMakeLists.txt:27 target_link_libraries(['cmTC_31838', ''])
CMake TARGET:
  -- name:      prom
  -- type:      NORMAL
  -- imported:  False
  -- properties: {
      'COMPILE_OPTIONS': ['-Werror', '-Wuninitialized', '-Wall', '-Wno-unused-label', '-std=gnu11', '-Werror', '-Wuninitialized', '-Wall', '-Wno-unused-label', '-std=gnu11']
      'INTERFACE_COMPILE_OPTIONS': ['-Werror', '-Wuninitialized', '-Wall', '-Wno-unused-label', '-std=gnu11']
      'INCLUDE_DIRECTORIES': ['/home/cci/ashish/ash_open5gs/subprojects/prometheus-client-c/prom/include /home/cci/ashish/ash_open5gs/subprojects/prometheus-client-c/prom/src']
      'INTERFACE_INCLUDE_DIRECTORIES': ['/home/cci/ashish/ash_open5gs/subprojects/prometheus-client-c/prom/include']
      'LINK_LIBRARIES': ['Threads::Threads']
      'INTERFACE_LINK_LIBRARIES': ['Threads::Threads']
     }
  -- tline: CMake TRACE: /home/cci/ashish/ash_open5gs/subprojects/prometheus-client-c/prom/CMakeLists.txt:106 add_library(['prom', 'SHARED'])
CMake TARGET:
  -- name:      Threads::Threads
  -- type:      INTERFACE
  -- imported:  True
  -- properties: {
      'INTERFACE_LINK_LIBRARIES': ['-lpthread']
     }
  -- tline: CMake TRACE: /home/cci/.local/lib/python3.8/site-packages/cmake/data/share/cmake-3.30/Modules/FindThreads.cmake:229 add_library(['Threads::Threads', 'INTERFACE', 'IMPORTED'])
CMake project prometheus-client-c has 1 build targets.

Processing generated meson AST
Build file: /home/cci/ashish/ash_open5gs/build/subprojects/prometheus-client-c/meson.build

Project name: prometheus-client-c
Project version: undefined
C compiler for the build machine: cc (gcc 9.4.0 "cc (Ubuntu 9.4.0-1ubuntu1~20.04.2) 9.4.0")
C linker for the build machine: cc ld.bfd 2.34
C compiler for the host machine: cc (gcc 9.4.0 "cc (Ubuntu 9.4.0-1ubuntu1~20.04.2) 9.4.0")
C linker for the host machine: cc ld.bfd 2.34
Program /usr/lib/python3/dist-packages/mesonbuild/cmake/data/run_ctgt.py found: YES (/usr/lib/python3/dist-packages/mesonbuild/cmake/data/run_ctgt.py)
Build targets in project: 6
Subproject prometheus-client-c finished.


Running compile:
Working directory:  /home/cci/ashish/ash_open5gs/build/meson-private/tmp4ty5e0x4
Command line:  cc /home/cci/ashish/ash_open5gs/build/meson-private/tmp4ty5e0x4/testfile.c -pipe -E -P -D_FILE_OFFSET_BITS=64 -P -O0 -std=gnu89 

Code:
 
        #ifdef __has_include
         #if !__has_include("netinet/sctp.h")
          #error "Header 'netinet/sctp.h' could not be found"
         #endif
        #else
         #include <netinet/sctp.h>
        #endif
Compiler stdout:
 
Compiler stderr:
 
Has header "netinet/sctp.h" : YES 
Running compile:
Working directory:  /home/cci/ashish/ash_open5gs/build/meson-private/tmprjnuf1z9
Command line:  cc /home/cci/ashish/ash_open5gs/build/meson-private/tmprjnuf1z9/testfile.c -o /home/cci/ashish/ash_open5gs/build/meson-private/tmprjnuf1z9/output.exe -pipe -D_FILE_OFFSET_BITS=64 -O0 -Wl,--start-group -lsctp -Wl,--end-group -Wl,--allow-shlib-undefined 

Code:
 int main(void) { return 0; }
Compiler stdout:
 
Compiler stderr:
 
Library sctp found: YES
Configuring sctp-config.h using configuration
Pkg-config binary for MachineChoice.HOST is cached.
Determining dependency 'libmongoc-1.0' with pkg-config executable '/usr/bin/pkg-config'
PKG_CONFIG_PATH: 
Called `/usr/bin/pkg-config --modversion libmongoc-1.0` -> 0
1.16.1
PKG_CONFIG_PATH: 
Called `/usr/bin/pkg-config --cflags libmongoc-1.0` -> 0
-I/usr/include/libmongoc-1.0 -I/usr/include/libbson-1.0
PKG_CONFIG_PATH: 
Called `/usr/bin/pkg-config libmongoc-1.0 --libs` -> 0
-L/usr/lib/x86_64-linux-gnu -lmongoc-1.0 -lbson-1.0
PKG_CONFIG_PATH: 
Called `/usr/bin/pkg-config libmongoc-1.0 --libs` -> 0
-lmongoc-1.0 -lbson-1.0
Run-time dependency libmongoc-1.0 found: YES 1.16.1

Executing subproject freeDiameter method meson 

Project name: freediameter
Project version: 1.5.0
C compiler for the build machine: cc (gcc 9.4.0 "cc (Ubuntu 9.4.0-1ubuntu1~20.04.2) 9.4.0")
C linker for the build machine: cc ld.bfd 2.34
C compiler for the host machine: cc (gcc 9.4.0 "cc (Ubuntu 9.4.0-1ubuntu1~20.04.2) 9.4.0")
C linker for the host machine: cc ld.bfd 2.34
Program flex found: YES (/usr/bin/flex)
Program bison found: YES (/usr/bin/bison)
Running compile:
Working directory:  /home/cci/ashish/ash_open5gs/build/meson-private/tmp6mj0qskn
Command line:  cc /home/cci/ashish/ash_open5gs/build/meson-private/tmp6mj0qskn/testfile.c -o /home/cci/ashish/ash_open5gs/build/meson-private/tmp6mj0qskn/output.obj -pipe -c -D_FILE_OFFSET_BITS=64 -O0 -Werror 

Code:
 int i;

Compiler stdout:
 
Compiler stderr:
 
Compiler for C supports arguments -Werror: YES 
Running compile:
Working directory:  /home/cci/ashish/ash_open5gs/build/meson-private/tmp9w0b1qf6
Command line:  cc /home/cci/ashish/ash_open5gs/build/meson-private/tmp9w0b1qf6/testfile.c -o /home/cci/ashish/ash_open5gs/build/meson-private/tmp9w0b1qf6/output.obj -pipe -c -D_FILE_OFFSET_BITS=64 -O0 -Wno-unused-variable -Wunused-variable 

Code:
 int i;

Compiler stdout:
 
Compiler stderr:
 
Compiler for C supports arguments -Wno-unused-variable -Wunused-variable: YES 
Running compile:
Working directory:  /home/cci/ashish/ash_open5gs/build/meson-private/tmp9p4edol4
Command line:  cc /home/cci/ashish/ash_open5gs/build/meson-private/tmp9p4edol4/testfile.c -o /home/cci/ashish/ash_open5gs/build/meson-private/tmp9p4edol4/output.obj -pipe -c -D_FILE_OFFSET_BITS=64 -O0 -Wno-unused-but-set-variable -Wunused-but-set-variable 

Code:
 int i;

Compiler stdout:
 
Compiler stderr:
 
Compiler for C supports arguments -Wno-unused-but-set-variable -Wunused-but-set-variable: YES 
Running compile:
Working directory:  /home/cci/ashish/ash_open5gs/build/meson-private/tmpe09lwdr9
Command line:  cc /home/cci/ashish/ash_open5gs/build/meson-private/tmpe09lwdr9/testfile.c -o /home/cci/ashish/ash_open5gs/build/meson-private/tmpe09lwdr9/output.obj -pipe -c -D_FILE_OFFSET_BITS=64 -O0 -Wno-maybe-uninitialized -Wmaybe-uninitialized 

Code:
 int i;

Compiler stdout:
 
Compiler stderr:
 
Compiler for C supports arguments -Wno-maybe-uninitialized -Wmaybe-uninitialized: YES 
Running compile:
Working directory:  /home/cci/ashish/ash_open5gs/build/meson-private/tmp__67jptr
Command line:  cc /home/cci/ashish/ash_open5gs/build/meson-private/tmp__67jptr/testfile.c -o /home/cci/ashish/ash_open5gs/build/meson-private/tmp__67jptr/output.obj -pipe -c -D_FILE_OFFSET_BITS=64 -O0 -Wno-format-truncation -Wformat-truncation 

Code:
 int i;

Compiler stdout:
 
Compiler stderr:
 
Compiler for C supports arguments -Wno-format-truncation -Wformat-truncation: YES 
Running compile:
Working directory:  /home/cci/ashish/ash_open5gs/build/meson-private/tmp8ryn75av
Command line:  cc /home/cci/ashish/ash_open5gs/build/meson-private/tmp8ryn75av/testfile.c -o /home/cci/ashish/ash_open5gs/build/meson-private/tmp8ryn75av/output.obj -pipe -c -D_FILE_OFFSET_BITS=64 -O0 -Wno-stringop-truncation -Wstringop-truncation 

Code:
 int i;

Compiler stdout:
 
Compiler stderr:
 
Compiler for C supports arguments -Wno-stringop-truncation -Wstringop-truncation: YES 
Running compile:
Working directory:  /home/cci/ashish/ash_open5gs/build/meson-private/tmpk6yxqkqz
Command line:  cc /home/cci/ashish/ash_open5gs/build/meson-private/tmpk6yxqkqz/testfile.c -pipe -E -P -D_FILE_OFFSET_BITS=64 -P -O0 -std=gnu89 

Code:
 
        #ifdef __has_include
         #if !__has_include("malloc.h")
          #error "Header 'malloc.h' could not be found"
         #endif
        #else
         #include <malloc.h>
        #endif
Compiler stdout:
 
Compiler stderr:
 
Has header "malloc.h" : YES 
Running compile:
Working directory:  /home/cci/ashish/ash_open5gs/build/meson-private/tmpwomdvhev
Command line:  cc /home/cci/ashish/ash_open5gs/build/meson-private/tmpwomdvhev/testfile.c -pipe -E -P -D_FILE_OFFSET_BITS=64 -P -O0 -std=gnu89 

Code:
 
        #ifdef __has_include
         #if !__has_include("signalent.h")
          #error "Header 'signalent.h' could not be found"
         #endif
        #else
         #include <signalent.h>
        #endif
Compiler stdout:
 
Compiler stderr:
 /home/cci/ashish/ash_open5gs/build/meson-private/tmpwomdvhev/testfile.c:4:12: error: #error "Header 'signalent.h' could not be found"
    4 |           #error "Header 'signalent.h' could not be found"
      |            ^~~~~

Has header "signalent.h" : NO 
Running compile:
Working directory:  /home/cci/ashish/ash_open5gs/build/meson-private/tmph2f94m2w
Command line:  cc /home/cci/ashish/ash_open5gs/build/meson-private/tmph2f94m2w/testfile.c -o /home/cci/ashish/ash_open5gs/build/meson-private/tmph2f94m2w/output.exe -pipe -D_FILE_OFFSET_BITS=64 -O0 -std=gnu89 

Code:
 
        #define strndup meson_disable_define_of_strndup
        
        #include <limits.h>
        #undef strndup
        
        #ifdef __cplusplus
        extern "C"
        #endif
        char strndup (void);
        
        #if defined __stub_strndup || defined __stub___strndup
        fail fail fail this function is not going to work
        #endif
        
        int main(void) {
          return strndup ();
        }
Compiler stdout:
 
Compiler stderr:
 /home/cci/ashish/ash_open5gs/build/meson-private/tmph2f94m2w/testfile.c:10:14: warning: conflicting types for built-in function 'strndup'; expected 'char *(const char *, long unsigned int)' [-Wbuiltin-declaration-mismatch]
   10 |         char strndup (void);
      |              ^~~~~~~

Checking for function "strndup" : YES 
Running compile:
Working directory:  /home/cci/ashish/ash_open5gs/build/meson-private/tmp5z01ik1j
Command line:  cc /home/cci/ashish/ash_open5gs/build/meson-private/tmp5z01ik1j/testfile.c -o /home/cci/ashish/ash_open5gs/build/meson-private/tmp5z01ik1j/output.exe -pipe -D_FILE_OFFSET_BITS=64 -O0 -std=gnu89 

Code:
 
        #define getopt_long meson_disable_define_of_getopt_long
        
        #include <limits.h>
        #undef getopt_long
        
        #ifdef __cplusplus
        extern "C"
        #endif
        char getopt_long (void);
        
        #if defined __stub_getopt_long || defined __stub___getopt_long
        fail fail fail this function is not going to work
        #endif
        
        int main(void) {
          return getopt_long ();
        }
Compiler stdout:
 
Compiler stderr:
 
Checking for function "getopt_long" : YES 
Using cached compile:
Cached command line:  cc /home/cci/ashish/ash_open5gs/build/meson-private/tmp093bd_03/testfile.c -o /home/cci/ashish/ash_open5gs/build/meson-private/tmp093bd_03/output.exe -pipe -D_FILE_OFFSET_BITS=64 -O0 -std=gnu89 

Code:
 
        #define getifaddrs meson_disable_define_of_getifaddrs
        
        #include <limits.h>
        #undef getifaddrs
        
        #ifdef __cplusplus
        extern "C"
        #endif
        char getifaddrs (void);
        
        #if defined __stub_getifaddrs || defined __stub___getifaddrs
        fail fail fail this function is not going to work
        #endif
        
        int main(void) {
          return getifaddrs ();
        }
Cached compiler stdout:
 
Cached compiler stderr:
 
Checking for function "getifaddrs" : YES (cached)
Running compile:
Working directory:  /home/cci/ashish/ash_open5gs/build/meson-private/tmpfv3k7hf4
Command line:  cc /home/cci/ashish/ash_open5gs/build/meson-private/tmpfv3k7hf4/testfile.c -o /home/cci/ashish/ash_open5gs/build/meson-private/tmpfv3k7hf4/output.obj -pipe -c -D_FILE_OFFSET_BITS=64 -O0 -std=gnu89 

Code:
 
        #include <netinet/in.h>
        int main(void) {
            /* If it's not defined as a macro, try to use as a symbol */
            #ifndef ntohll
                ntohll;
            #endif
            return 0;
        }
Compiler stdout:
 
Compiler stderr:
 /home/cci/ashish/ash_open5gs/build/meson-private/tmpfv3k7hf4/testfile.c: In function 'main':
/home/cci/ashish/ash_open5gs/build/meson-private/tmpfv3k7hf4/testfile.c:6:17: error: 'ntohll' undeclared (first use in this function); did you mean 'ntohl'?
    6 |                 ntohll;
      |                 ^~~~~~
      |                 ntohl
/home/cci/ashish/ash_open5gs/build/meson-private/tmpfv3k7hf4/testfile.c:6:17: note: each undeclared identifier is reported only once for each function it appears in

Header <netinet/in.h> has symbol "ntohll" : NO 
Running compile:
Working directory:  /home/cci/ashish/ash_open5gs/build/meson-private/tmpysfqdn7z
Command line:  cc /home/cci/ashish/ash_open5gs/build/meson-private/tmpysfqdn7z/testfile.c -o /home/cci/ashish/ash_open5gs/build/meson-private/tmpysfqdn7z/output.obj -pipe -c -D_FILE_OFFSET_BITS=64 -O0 -std=gnu89 

Code:
 
        #include <netdb.h>
        int main(void) {
            /* If it's not defined as a macro, try to use as a symbol */
            #ifndef AI_ADDRCONFIG
                AI_ADDRCONFIG;
            #endif
            return 0;
        }
Compiler stdout:
 
Compiler stderr:
 
Header <netdb.h> has symbol "AI_ADDRCONFIG" : YES 
Dependency threads found: YES unknown (cached)
Using cached compile:
Cached command line:  cc /home/cci/ashish/ash_open5gs/build/meson-private/tmpv7ltlpo1/testfile.c -o /home/cci/ashish/ash_open5gs/build/meson-private/tmpv7ltlpo1/output.obj -pipe -c -D_FILE_OFFSET_BITS=64 -O0 -std=gnu89 

Code:
 
        #include <pthread.h>
        int main(void) {
            /* If it's not defined as a macro, try to use as a symbol */
            #ifndef pthread_barrier_wait
                pthread_barrier_wait;
            #endif
            return 0;
        }
Cached compiler stdout:
 
Cached compiler stderr:
 
Header <pthread.h> has symbol "pthread_barrier_wait" : YES (cached)
Using cached compile:
Cached command line:  cc /home/cci/ashish/ash_open5gs/build/meson-private/tmpo0_v1hdz/testfile.c -o /home/cci/ashish/ash_open5gs/build/meson-private/tmpo0_v1hdz/output.exe -pipe -D_FILE_OFFSET_BITS=64 -O0 -std=gnu89 

Code:
 
    #include <time.h>
    struct timespec t;
    int main (int argc, char ** argv) {
        return clock_gettime(CLOCK_REALTIME, &t);
    }
Cached compiler stdout:
 
Cached compiler stderr:
 
Checking if "clock_gettime()" links: YES (cached)
Running compile:
Working directory:  /home/cci/ashish/ash_open5gs/build/meson-private/tmpx0gk1bqu
Command line:  cc /home/cci/ashish/ash_open5gs/build/meson-private/tmpx0gk1bqu/testfile.c -o /home/cci/ashish/ash_open5gs/build/meson-private/tmpx0gk1bqu/output.exe -pipe -D_FILE_OFFSET_BITS=64 -O0 -std=gnu89 

Code:
 
    #include <dlfcn.h>
    int underscore_test (void) { return 42; }
    int main (int argc, char ** argv) {
        void *f1 = (void*)0, *f2 = (void*)0, *handle;
        handle = dlopen ((void*)0, 0);
        if (handle) {
            f1 = dlsym (handle, "underscore_test");
            f2 = dlsym (handle, "_underscore_test");
        }
        return (!f2 || f1);
    }
Compiler stdout:
 
Compiler stderr:
 /usr/bin/ld: /tmp/cclRJEu9.o: in function `main':
testfile.c:(.text+0x3d): undefined reference to `dlopen'
/usr/bin/ld: testfile.c:(.text+0x5b): undefined reference to `dlsym'
/usr/bin/ld: testfile.c:(.text+0x72): undefined reference to `dlsym'
collect2: error: ld returned 1 exit status

Checking if "dlopen() and dlsym() in system libraries" links: NO 
Running compile:
Working directory:  /home/cci/ashish/ash_open5gs/build/meson-private/tmpe9ulnfrv
Command line:  cc /home/cci/ashish/ash_open5gs/build/meson-private/tmpe9ulnfrv/testfile.c -o /home/cci/ashish/ash_open5gs/build/meson-private/tmpe9ulnfrv/output.exe -pipe -D_FILE_OFFSET_BITS=64 -O0 -std=gnu89 -Wl,--start-group -ldl -Wl,--end-group 

Code:
 
    #include <dlfcn.h>
    int underscore_test (void) { return 42; }
    int main (int argc, char ** argv) {
        void *f1 = (void*)0, *f2 = (void*)0, *handle;
        handle = dlopen ((void*)0, 0);
        if (handle) {
            f1 = dlsym (handle, "underscore_test");
            f2 = dlsym (handle, "_underscore_test");
        }
        return (!f2 || f1);
    }
Compiler stdout:
 
Compiler stderr:
 
Checking if "dlopen() and dlsym() in libdl" links: YES 
Running compile:
Working directory:  /home/cci/ashish/ash_open5gs/build/meson-private/tmpi8jc5y6w
Command line:  cc /home/cci/ashish/ash_open5gs/build/meson-private/tmpi8jc5y6w/testfile.c -o /home/cci/ashish/ash_open5gs/build/meson-private/tmpi8jc5y6w/output.exe -pipe -D_FILE_OFFSET_BITS=64 -O0 -Wl,--start-group -ldl -Wl,--end-group -Wl,--allow-shlib-undefined 

Code:
 int main(void) { return 0; }
Compiler stdout:
 
Compiler stderr:
 
Library dl found: YES
Running compile:
Working directory:  /home/cci/ashish/ash_open5gs/build/meson-private/tmpgdkb30yp
Command line:  cc /home/cci/ashish/ash_open5gs/build/meson-private/tmpgdkb30yp/testfile.c -o /home/cci/ashish/ash_open5gs/build/meson-private/tmpgdkb30yp/output.exe -pipe -D_FILE_OFFSET_BITS=64 -O0 -Wl,--start-group -lgcrypt -Wl,--end-group -Wl,--allow-shlib-undefined 

Code:
 int main(void) { return 0; }
Compiler stdout:
 
Compiler stderr:
 
Library gcrypt found: YES
Running compile:
Working directory:  /home/cci/ashish/ash_open5gs/build/meson-private/tmp46q2fsr7
Command line:  cc /home/cci/ashish/ash_open5gs/build/meson-private/tmp46q2fsr7/testfile.c -o /home/cci/ashish/ash_open5gs/build/meson-private/tmp46q2fsr7/output.exe -pipe -D_FILE_OFFSET_BITS=64 -O0 -Wl,--start-group -lidn -Wl,--end-group -Wl,--allow-shlib-undefined 

Code:
 int main(void) { return 0; }
Compiler stdout:
 
Compiler stderr:
 
Library idn found: YES
Running compile:
Working directory:  /home/cci/ashish/ash_open5gs/build/meson-private/tmpma49l1ln
Command line:  cc /home/cci/ashish/ash_open5gs/build/meson-private/tmpma49l1ln/testfile.c -o /home/cci/ashish/ash_open5gs/build/meson-private/tmpma49l1ln/output.exe -pipe -D_FILE_OFFSET_BITS=64 -O0 -Wl,--start-group -lgnutls -Wl,--end-group -Wl,--allow-shlib-undefined 

Code:
 int main(void) { return 0; }
Compiler stdout:
 
Compiler stderr:
 
Library gnutls found: YES
Running compile:
Working directory:  /home/cci/ashish/ash_open5gs/build/meson-private/tmps8kdnpyt
Command line:  cc /home/cci/ashish/ash_open5gs/build/meson-private/tmps8kdnpyt/testfile.c -o /home/cci/ashish/ash_open5gs/build/meson-private/tmps8kdnpyt/output.exe -pipe -D_FILE_OFFSET_BITS=64 -O0 -std=gnu89 -Wl,--start-group -lgnutls -Wl,--end-group 

Code:
 
        #define gnutls_hash meson_disable_define_of_gnutls_hash
        
        #include <limits.h>
        #undef gnutls_hash
        
        #ifdef __cplusplus
        extern "C"
        #endif
        char gnutls_hash (void);
        
        #if defined __stub_gnutls_hash || defined __stub___gnutls_hash
        fail fail fail this function is not going to work
        #endif
        
        int main(void) {
          return gnutls_hash ();
        }
Compiler stdout:
 
Compiler stderr:
 
Checking for function "gnutls_hash" : YES 
Running compile:
Working directory:  /home/cci/ashish/ash_open5gs/build/meson-private/tmpk5g_zooa
Command line:  cc /home/cci/ashish/ash_open5gs/build/meson-private/tmpk5g_zooa/testfile.c -o /home/cci/ashish/ash_open5gs/build/meson-private/tmpk5g_zooa/output.exe -pipe -D_FILE_OFFSET_BITS=64 -O0 -std=gnu89 -Wl,--start-group -lgnutls -Wl,--end-group 

Code:
 
        #define gnutls_transport_set_vec_push_function meson_disable_define_of_gnutls_transport_set_vec_push_function
        
        #include <limits.h>
        #undef gnutls_transport_set_vec_push_function
        
        #ifdef __cplusplus
        extern "C"
        #endif
        char gnutls_transport_set_vec_push_function (void);
        
        #if defined __stub_gnutls_transport_set_vec_push_function || defined __stub___gnutls_transport_set_vec_push_function
        fail fail fail this function is not going to work
        #endif
        
        int main(void) {
          return gnutls_transport_set_vec_push_function ();
        }
Compiler stdout:
 
Compiler stderr:
 
Checking for function "gnutls_transport_set_vec_push_function" : YES 
Running compile:
Working directory:  /home/cci/ashish/ash_open5gs/build/meson-private/tmpvr5p4hf_
Command line:  cc /home/cci/ashish/ash_open5gs/build/meson-private/tmpvr5p4hf_/testfile.c -o /home/cci/ashish/ash_open5gs/build/meson-private/tmpvr5p4hf_/output.exe -pipe -D_FILE_OFFSET_BITS=64 -O0 -std=gnu89 -Wl,--start-group -lgnutls -Wl,--end-group 

Code:
 
        #define gnutls_x509_trust_list_verify_crt meson_disable_define_of_gnutls_x509_trust_list_verify_crt
        
        #include <limits.h>
        #undef gnutls_x509_trust_list_verify_crt
        
        #ifdef __cplusplus
        extern "C"
        #endif
        char gnutls_x509_trust_list_verify_crt (void);
        
        #if defined __stub_gnutls_x509_trust_list_verify_crt || defined __stub___gnutls_x509_trust_list_verify_crt
        fail fail fail this function is not going to work
        #endif
        
        int main(void) {
          return gnutls_x509_trust_list_verify_crt ();
        }
Compiler stdout:
 
Compiler stderr:
 
Checking for function "gnutls_x509_trust_list_verify_crt" : YES 
Running compile:
Working directory:  /home/cci/ashish/ash_open5gs/build/meson-private/tmpfucruz6j
Command line:  cc /home/cci/ashish/ash_open5gs/build/meson-private/tmpfucruz6j/testfile.c -o /home/cci/ashish/ash_open5gs/build/meson-private/tmpfucruz6j/output.exe -pipe -D_FILE_OFFSET_BITS=64 -O0 -std=gnu89 -Wl,--start-group -lgnutls -Wl,--end-group 

Code:
 
        #define gnutls_handshake_set_timeout meson_disable_define_of_gnutls_handshake_set_timeout
        
        #include <limits.h>
        #undef gnutls_handshake_set_timeout
        
        #ifdef __cplusplus
        extern "C"
        #endif
        char gnutls_handshake_set_timeout (void);
        
        #if defined __stub_gnutls_handshake_set_timeout || defined __stub___gnutls_handshake_set_timeout
        fail fail fail this function is not going to work
        #endif
        
        int main(void) {
          return gnutls_handshake_set_timeout ();
        }
Compiler stdout:
 
Compiler stderr:
 
Checking for function "gnutls_handshake_set_timeout" : YES 
Library sctp found: YES
Running compile:
Working directory:  /home/cci/ashish/ash_open5gs/build/meson-private/tmp50s2iybj
Command line:  cc /home/cci/ashish/ash_open5gs/build/meson-private/tmp50s2iybj/testfile.c -o /home/cci/ashish/ash_open5gs/build/meson-private/tmp50s2iybj/output.obj -pipe -c -D_FILE_OFFSET_BITS=64 -O0 -std=gnu89 

Code:
 #include <unistd.h>
                      #include <netinet/sctp.h>
                      int main (int argc, char ** argv) {
                          sctp_connectx(0, NULL, 0, NULL);
                      }
Compiler stdout:
 
Compiler stderr:
 
Checking if "sctp_connectx() accepts 4 arguments" compiles: YES 
Configuring freeDiameter-host.h using configuration
Configuring version.h using configuration
Build targets in project: 20
Subproject freeDiameter finished.

Running compile:
Working directory:  /home/cci/ashish/ash_open5gs/build/meson-private/tmp7yy1hmgp
Command line:  cc /home/cci/ashish/ash_open5gs/build/meson-private/tmp7yy1hmgp/testfile.c -o /home/cci/ashish/ash_open5gs/build/meson-private/tmp7yy1hmgp/output.obj -pipe -c -D_FILE_OFFSET_BITS=64 -O0 -Wno-missing-prototypes -Wmissing-prototypes 

Code:
 int i;

Compiler stdout:
 
Compiler stderr:
 
Compiler for C supports arguments -Wno-missing-prototypes -Wmissing-prototypes: YES 
Running compile:
Working directory:  /home/cci/ashish/ash_open5gs/build/meson-private/tmpq6pkbrgv
Command line:  cc /home/cci/ashish/ash_open5gs/build/meson-private/tmpq6pkbrgv/testfile.c -o /home/cci/ashish/ash_open5gs/build/meson-private/tmpq6pkbrgv/output.obj -pipe -c -D_FILE_OFFSET_BITS=64 -O0 -Wno-missing-declarations -Wmissing-declarations 

Code:
 int i;

Compiler stdout:
 
Compiler stderr:
 
Compiler for C supports arguments -Wno-missing-declarations -Wmissing-declarations: YES 
Running compile:
Working directory:  /home/cci/ashish/ash_open5gs/build/meson-private/tmp50r74b2x
Command line:  cc /home/cci/ashish/ash_open5gs/build/meson-private/tmp50r74b2x/testfile.c -o /home/cci/ashish/ash_open5gs/build/meson-private/tmp50r74b2x/output.obj -pipe -c -D_FILE_OFFSET_BITS=64 -O0 -Wno-discarded-qualifiers -Wdiscarded-qualifiers 

Code:
 int i;

Compiler stdout:
 
Compiler stderr:
 
Compiler for C supports arguments -Wno-discarded-qualifiers -Wdiscarded-qualifiers: YES 
Running compile:
Working directory:  /home/cci/ashish/ash_open5gs/build/meson-private/tmpksnnygxt
Command line:  cc /home/cci/ashish/ash_open5gs/build/meson-private/tmpksnnygxt/testfile.c -o /home/cci/ashish/ash_open5gs/build/meson-private/tmpksnnygxt/output.obj -pipe -c -D_FILE_OFFSET_BITS=64 -O0 -Wno-incompatible-pointer-types -Wincompatible-pointer-types 

Code:
 int i;

Compiler stdout:
 
Compiler stderr:
 
Compiler for C supports arguments -Wno-incompatible-pointer-types -Wincompatible-pointer-types: YES 
Running compile:
Working directory:  /home/cci/ashish/ash_open5gs/build/meson-private/tmp1jwkcqs0
Command line:  cc /home/cci/ashish/ash_open5gs/build/meson-private/tmp1jwkcqs0/testfile.c -o /home/cci/ashish/ash_open5gs/build/meson-private/tmp1jwkcqs0/output.obj -pipe -c -D_FILE_OFFSET_BITS=64 -O0 -Wno-strict-prototypes -Wstrict-prototypes 

Code:
 int i;

Compiler stdout:
 
Compiler stderr:
 
Compiler for C supports arguments -Wno-strict-prototypes -Wstrict-prototypes: YES 
Running compile:
Working directory:  /home/cci/ashish/ash_open5gs/build/meson-private/tmpcf2cebp2
Command line:  cc /home/cci/ashish/ash_open5gs/build/meson-private/tmpcf2cebp2/testfile.c -o /home/cci/ashish/ash_open5gs/build/meson-private/tmpcf2cebp2/output.obj -pipe -c -D_FILE_OFFSET_BITS=64 -O0 -w 

Code:
 int i;

Compiler stdout:
 
Compiler stderr:
 
Compiler for C supports arguments -w: YES 
Running compile:
Working directory:  /home/cci/ashish/ash_open5gs/build/meson-private/tmpsl3tzgkt
Command line:  cc /home/cci/ashish/ash_open5gs/build/meson-private/tmpsl3tzgkt/testfile.c -o /home/cci/ashish/ash_open5gs/build/meson-private/tmpsl3tzgkt/output.obj -pipe -c -D_FILE_OFFSET_BITS=64 -O0 -std=gnu99 

Code:
 int i;

Compiler stdout:
 
Compiler stderr:
 
Compiler for C supports arguments -std=gnu99: YES 
Running compile:
Working directory:  /home/cci/ashish/ash_open5gs/build/meson-private/tmpswh81_v_
Command line:  cc /home/cci/ashish/ash_open5gs/build/meson-private/tmpswh81_v_/testfile.c -pipe -E -P -D_FILE_OFFSET_BITS=64 -P -O0 -std=gnu89 

Code:
 
        #ifdef __has_include
         #if !__has_include("netinet/ip.h")
          #error "Header 'netinet/ip.h' could not be found"
         #endif
        #else
         #include <netinet/ip.h>
        #endif
Compiler stdout:
 
Compiler stderr:
 
Has header "netinet/ip.h" : YES 
Running compile:
Working directory:  /home/cci/ashish/ash_open5gs/build/meson-private/tmpc0zsk8qp
Command line:  cc /home/cci/ashish/ash_open5gs/build/meson-private/tmpc0zsk8qp/testfile.c -pipe -E -P -D_FILE_OFFSET_BITS=64 -P -O0 -std=gnu89 

Code:
 
        #ifdef __has_include
         #if !__has_include("netinet/ip6.h")
          #error "Header 'netinet/ip6.h' could not be found"
         #endif
        #else
         #include <netinet/ip6.h>
        #endif
Compiler stdout:
 
Compiler stderr:
 
Has header "netinet/ip6.h" : YES 
Using cached compile:
Cached command line:  cc /home/cci/ashish/ash_open5gs/build/meson-private/tmp5gxvigsb/testfile.c -pipe -E -P -D_FILE_OFFSET_BITS=64 -P -O0 -std=gnu89 

Code:
 
        #ifdef __has_include
         #if !__has_include("netinet/udp.h")
          #error "Header 'netinet/udp.h' could not be found"
         #endif
        #else
         #include <netinet/udp.h>
        #endif
Cached compiler stdout:
 
Cached compiler stderr:
 
Has header "netinet/udp.h" : YES (cached)
Using cached compile:
Cached command line:  cc /home/cci/ashish/ash_open5gs/build/meson-private/tmpt1uv6niy/testfile.c -pipe -E -P -D_FILE_OFFSET_BITS=64 -P -O0 -std=gnu89 

Code:
 
        #ifdef __has_include
         #if !__has_include("netinet/tcp.h")
          #error "Header 'netinet/tcp.h' could not be found"
         #endif
        #else
         #include <netinet/tcp.h>
        #endif
Cached compiler stdout:
 
Cached compiler stderr:
 
Has header "netinet/tcp.h" : YES (cached)
Configuring pfcp-config.h using configuration
Running compile:
Working directory:  /home/cci/ashish/ash_open5gs/build/meson-private/tmpntplpizf
Command line:  cc /home/cci/ashish/ash_open5gs/build/meson-private/tmpntplpizf/testfile.c -o /home/cci/ashish/ash_open5gs/build/meson-private/tmpntplpizf/output.obj -pipe -c -D_FILE_OFFSET_BITS=64 -O0 -Wno-strict-prototypes -Wstrict-prototypes 

Code:
 int i;

Compiler stdout:
 
Compiler stderr:
 
Compiler for C supports arguments -Wno-strict-prototypes -Wstrict-prototypes: YES 
Running compile:
Working directory:  /home/cci/ashish/ash_open5gs/build/meson-private/tmpksc0klgf
Command line:  cc /home/cci/ashish/ash_open5gs/build/meson-private/tmpksc0klgf/testfile.c -o /home/cci/ashish/ash_open5gs/build/meson-private/tmpksc0klgf/output.obj -pipe -c -D_FILE_OFFSET_BITS=64 -O0 -Wno-missing-prototypes -Wmissing-prototypes 

Code:
 int i;

Compiler stdout:
 
Compiler stderr:
 
Compiler for C supports arguments -Wno-missing-prototypes -Wmissing-prototypes: YES 
Running compile:
Working directory:  /home/cci/ashish/ash_open5gs/build/meson-private/tmp04antftf
Command line:  cc /home/cci/ashish/ash_open5gs/build/meson-private/tmp04antftf/testfile.c -o /home/cci/ashish/ash_open5gs/build/meson-private/tmp04antftf/output.obj -pipe -c -D_FILE_OFFSET_BITS=64 -O0 -Wno-missing-declarations -Wmissing-declarations 

Code:
 int i;

Compiler stdout:
 
Compiler stderr:
 
Compiler for C supports arguments -Wno-missing-declarations -Wmissing-declarations: YES 
Running compile:
Working directory:  /home/cci/ashish/ash_open5gs/build/meson-private/tmpz4jdeo0b
Command line:  cc /home/cci/ashish/ash_open5gs/build/meson-private/tmpz4jdeo0b/testfile.c -o /home/cci/ashish/ash_open5gs/build/meson-private/tmpz4jdeo0b/output.obj -pipe -c -D_FILE_OFFSET_BITS=64 -O0 -Wno-unused-variable -Wunused-variable 

Code:
 int i;

Compiler stdout:
 
Compiler stderr:
 
Compiler for C supports arguments -Wno-unused-variable -Wunused-variable: YES 
Running compile:
Working directory:  /home/cci/ashish/ash_open5gs/build/meson-private/tmpb3538ybn
Command line:  cc /home/cci/ashish/ash_open5gs/build/meson-private/tmpb3538ybn/testfile.c -o /home/cci/ashish/ash_open5gs/build/meson-private/tmpb3538ybn/output.obj -pipe -c -D_FILE_OFFSET_BITS=64 -O0 -Wno-unused-label -Wunused-label 

Code:
 int i;

Compiler stdout:
 
Compiler stderr:
 
Compiler for C supports arguments -Wno-unused-label -Wunused-label: YES 
Running compile:
Working directory:  /home/cci/ashish/ash_open5gs/build/meson-private/tmp2r4u8pov
Command line:  cc /home/cci/ashish/ash_open5gs/build/meson-private/tmp2r4u8pov/testfile.c -o /home/cci/ashish/ash_open5gs/build/meson-private/tmp2r4u8pov/output.obj -pipe -c -D_FILE_OFFSET_BITS=64 -O0 -Wno-float-equal -Wfloat-equal 

Code:
 int i;

Compiler stdout:
 
Compiler stderr:
 
Compiler for C supports arguments -Wno-float-equal -Wfloat-equal: YES 
Pkg-config binary for MachineChoice.HOST is cached.
Determining dependency 'gnutls' with pkg-config executable '/usr/bin/pkg-config'
PKG_CONFIG_PATH: 
Called `/usr/bin/pkg-config --modversion gnutls` -> 0
3.6.13
PKG_CONFIG_PATH: 
Called `/usr/bin/pkg-config --cflags gnutls` -> 0
-I/usr/include/p11-kit-1
PKG_CONFIG_PATH: 
Called `/usr/bin/pkg-config gnutls --libs` -> 0
-L/usr/lib/x86_64-linux-gnu -lgnutls
PKG_CONFIG_PATH: 
Called `/usr/bin/pkg-config gnutls --libs` -> 0
-lgnutls
Run-time dependency gnutls found: YES 3.6.13
Pkg-config binary for MachineChoice.HOST is cached.
Determining dependency 'libssl' with pkg-config executable '/usr/bin/pkg-config'
PKG_CONFIG_PATH: 
Called `/usr/bin/pkg-config --modversion libssl` -> 0
1.1.1f
PKG_CONFIG_PATH: 
Called `/usr/bin/pkg-config --cflags libssl` -> 0

PKG_CONFIG_PATH: 
Called `/usr/bin/pkg-config libssl --libs` -> 0
-L/usr/lib/x86_64-linux-gnu -lssl
PKG_CONFIG_PATH: 
Called `/usr/bin/pkg-config libssl --libs` -> 0
-lssl
Run-time dependency libssl found: YES 1.1.1f
Pkg-config binary for MachineChoice.HOST is cached.
Determining dependency 'libcrypto' with pkg-config executable '/usr/bin/pkg-config'
PKG_CONFIG_PATH: 
Called `/usr/bin/pkg-config --modversion libcrypto` -> 0
1.1.1f
PKG_CONFIG_PATH: 
Called `/usr/bin/pkg-config --cflags libcrypto` -> 0

PKG_CONFIG_PATH: 
Called `/usr/bin/pkg-config libcrypto --libs` -> 0
-L/usr/lib/x86_64-linux-gnu -lcrypto
PKG_CONFIG_PATH: 
Called `/usr/bin/pkg-config libcrypto --libs` -> 0
-lcrypto
Run-time dependency libcrypto found: YES 1.1.1f
Pkg-config binary for MachineChoice.HOST is cached.
Determining dependency 'libnghttp2' with pkg-config executable '/usr/bin/pkg-config'
PKG_CONFIG_PATH: 
Called `/usr/bin/pkg-config --modversion libnghttp2` -> 0
1.40.0
PKG_CONFIG_PATH: 
Called `/usr/bin/pkg-config --cflags libnghttp2` -> 0

PKG_CONFIG_PATH: 
Called `/usr/bin/pkg-config libnghttp2 --libs` -> 0
-L/usr/lib/x86_64-linux-gnu -lnghttp2
PKG_CONFIG_PATH: 
Called `/usr/bin/pkg-config libnghttp2 --libs` -> 0
-lnghttp2
Run-time dependency libnghttp2 found: YES 1.40.0
Dependency libmicrohttpd found: YES 0.9.66 (cached)
Pkg-config binary for MachineChoice.HOST is cached.
Determining dependency 'libcurl' with pkg-config executable '/usr/bin/pkg-config'
PKG_CONFIG_PATH: 
Called `/usr/bin/pkg-config --modversion libcurl` -> 0
7.68.0
PKG_CONFIG_PATH: 
Called `/usr/bin/pkg-config --cflags libcurl` -> 0
-I/usr/include/x86_64-linux-gnu
PKG_CONFIG_PATH: 
Called `/usr/bin/pkg-config libcurl --libs` -> 0
-L/usr/lib/x86_64-linux-gnu -lcurl
PKG_CONFIG_PATH: 
Called `/usr/bin/pkg-config libcurl --libs` -> 0
-lcurl
Run-time dependency libcurl found: YES 7.68.0
Running command: /usr/bin/git describe --abbrev=7 --dirty=+
--- stdout ---
v2.6.5-2-g309a617+

--- stderr ---


Configuring version.h using configuration
Using cached compile:
Cached command line:  cc /home/cci/ashish/ash_open5gs/build/meson-private/tmp7cn80y0n/testfile.c -pipe -E -P -D_FILE_OFFSET_BITS=64 -P -O0 -std=gnu89 

Code:
 
        #ifdef __has_include
         #if !__has_include("ifaddrs.h")
          #error "Header 'ifaddrs.h' could not be found"
         #endif
        #else
         #include <ifaddrs.h>
        #endif
Cached compiler stdout:
 
Cached compiler stderr:
 
Has header "ifaddrs.h" : YES (cached)
Running compile:
Working directory:  /home/cci/ashish/ash_open5gs/build/meson-private/tmpq18ke73q
Command line:  cc /home/cci/ashish/ash_open5gs/build/meson-private/tmpq18ke73q/testfile.c -pipe -E -P -D_FILE_OFFSET_BITS=64 -P -O0 -std=gnu89 

Code:
 
        #ifdef __has_include
         #if !__has_include("net/ethernet.h")
          #error "Header 'net/ethernet.h' could not be found"
         #endif
        #else
         #include <net/ethernet.h>
        #endif
Compiler stdout:
 
Compiler stderr:
 
Has header "net/ethernet.h" : YES 
Using cached compile:
Cached command line:  cc /home/cci/ashish/ash_open5gs/build/meson-private/tmp21ruh9zy/testfile.c -pipe -E -P -D_FILE_OFFSET_BITS=64 -P -O0 -std=gnu89 

Code:
 
        #ifdef __has_include
         #if !__has_include("net/if.h")
          #error "Header 'net/if.h' could not be found"
         #endif
        #else
         #include <net/if.h>
        #endif
Cached compiler stdout:
 
Cached compiler stderr:
 
Has header "net/if.h" : YES (cached)
Running compile:
Working directory:  /home/cci/ashish/ash_open5gs/build/meson-private/tmpicot06jf
Command line:  cc /home/cci/ashish/ash_open5gs/build/meson-private/tmpicot06jf/testfile.c -pipe -E -P -D_FILE_OFFSET_BITS=64 -P -O0 -std=gnu89 

Code:
 
        #ifdef __has_include
         #if !__has_include("net/if_dl.h")
          #error "Header 'net/if_dl.h' could not be found"
         #endif
        #else
         #include <net/if_dl.h>
        #endif
Compiler stdout:
 
Compiler stderr:
 /home/cci/ashish/ash_open5gs/build/meson-private/tmpicot06jf/testfile.c:4:12: error: #error "Header 'net/if_dl.h' could not be found"
    4 |           #error "Header 'net/if_dl.h' could not be found"
      |            ^~~~~

Has header "net/if_dl.h" : NO 
Using cached compile:
Cached command line:  cc /home/cci/ashish/ash_open5gs/build/meson-private/tmpf_z1p5i_/testfile.c -pipe -E -P -D_FILE_OFFSET_BITS=64 -P -O0 -std=gnu89 

Code:
 
        #ifdef __has_include
         #if !__has_include("netinet/in.h")
          #error "Header 'netinet/in.h' could not be found"
         #endif
        #else
         #include <netinet/in.h>
        #endif
Cached compiler stdout:
 
Cached compiler stderr:
 
Has header "netinet/in.h" : YES (cached)
Using cached compile:
Cached command line:  cc /home/cci/ashish/ash_open5gs/build/meson-private/tmpswh81_v_/testfile.c -pipe -E -P -D_FILE_OFFSET_BITS=64 -P -O0 -std=gnu89 

Code:
 
        #ifdef __has_include
         #if !__has_include("netinet/ip.h")
          #error "Header 'netinet/ip.h' could not be found"
         #endif
        #else
         #include <netinet/ip.h>
        #endif
Cached compiler stdout:
 
Cached compiler stderr:
 
Has header "netinet/ip.h" : YES (cached)
Using cached compile:
Cached command line:  cc /home/cci/ashish/ash_open5gs/build/meson-private/tmpc0zsk8qp/testfile.c -pipe -E -P -D_FILE_OFFSET_BITS=64 -P -O0 -std=gnu89 

Code:
 
        #ifdef __has_include
         #if !__has_include("netinet/ip6.h")
          #error "Header 'netinet/ip6.h' could not be found"
         #endif
        #else
         #include <netinet/ip6.h>
        #endif
Cached compiler stdout:
 
Cached compiler stderr:
 
Has header "netinet/ip6.h" : YES (cached)
Running compile:
Working directory:  /home/cci/ashish/ash_open5gs/build/meson-private/tmp87capmv7
Command line:  cc /home/cci/ashish/ash_open5gs/build/meson-private/tmp87capmv7/testfile.c -pipe -E -P -D_FILE_OFFSET_BITS=64 -P -O0 -std=gnu89 

Code:
 
        #ifdef __has_include
         #if !__has_include("netinet/ip_icmp.h")
          #error "Header 'netinet/ip_icmp.h' could not be found"
         #endif
        #else
         #include <netinet/ip_icmp.h>
        #endif
Compiler stdout:
 
Compiler stderr:
 
Has header "netinet/ip_icmp.h" : YES 
Running compile:
Working directory:  /home/cci/ashish/ash_open5gs/build/meson-private/tmpav35y80i
Command line:  cc /home/cci/ashish/ash_open5gs/build/meson-private/tmpav35y80i/testfile.c -pipe -E -P -D_FILE_OFFSET_BITS=64 -P -O0 -std=gnu89 

Code:
 
        #ifdef __has_include
         #if !__has_include("netinet/icmp6.h")
          #error "Header 'netinet/icmp6.h' could not be found"
         #endif
        #else
         #include <netinet/icmp6.h>
        #endif
Compiler stdout:
 
Compiler stderr:
 
Has header "netinet/icmp6.h" : YES 
Using cached compile:
Cached command line:  cc /home/cci/ashish/ash_open5gs/build/meson-private/tmp57z73atq/testfile.c -pipe -E -P -D_FILE_OFFSET_BITS=64 -P -O0 -std=gnu89 

Code:
 
        #ifdef __has_include
         #if !__has_include("sys/ioctl.h")
          #error "Header 'sys/ioctl.h' could not be found"
         #endif
        #else
         #include <sys/ioctl.h>
        #endif
Cached compiler stdout:
 
Cached compiler stderr:
 
Has header "sys/ioctl.h" : YES (cached)
Using cached compile:
Cached command line:  cc /home/cci/ashish/ash_open5gs/build/meson-private/tmp8_v8bhny/testfile.c -pipe -E -P -D_FILE_OFFSET_BITS=64 -P -O0 -std=gnu89 

Code:
 
        #ifdef __has_include
         #if !__has_include("sys/socket.h")
          #error "Header 'sys/socket.h' could not be found"
         #endif
        #else
         #include <sys/socket.h>
        #endif
Cached compiler stdout:
 
Cached compiler stderr:
 
Has header "sys/socket.h" : YES (cached)
Configuring upf-config.h using configuration
Pkg-config binary for MachineChoice.HOST is cached.
Determining dependency 'libtins' with pkg-config executable '/usr/bin/pkg-config'
PKG_CONFIG_PATH: 
Called `/usr/bin/pkg-config --modversion libtins` -> 0
4.0
PKG_CONFIG_PATH: 
Called `/usr/bin/pkg-config --cflags libtins` -> 0
-I/usr/include/tins
PKG_CONFIG_PATH: 
Called `/usr/bin/pkg-config libtins --libs` -> 0
-L/usr/lib -ltins
PKG_CONFIG_PATH: 
Called `/usr/bin/pkg-config libtins --libs` -> 0
-ltins
Run-time dependency libtins found: YES 4.0
Using cached compile:
Cached command line:  cc /home/cci/ashish/ash_open5gs/build/meson-private/tmp21ruh9zy/testfile.c -pipe -E -P -D_FILE_OFFSET_BITS=64 -P -O0 -std=gnu89 

Code:
 
        #ifdef __has_include
         #if !__has_include("net/if.h")
          #error "Header 'net/if.h' could not be found"
         #endif
        #else
         #include <net/if.h>
        #endif
Cached compiler stdout:
 
Cached compiler stderr:
 
Has header "net/if.h" : YES (cached)
Using cached compile:
Cached command line:  cc /home/cci/ashish/ash_open5gs/build/meson-private/tmpswh81_v_/testfile.c -pipe -E -P -D_FILE_OFFSET_BITS=64 -P -O0 -std=gnu89 

Code:
 
        #ifdef __has_include
         #if !__has_include("netinet/ip.h")
          #error "Header 'netinet/ip.h' could not be found"
         #endif
        #else
         #include <netinet/ip.h>
        #endif
Cached compiler stdout:
 
Cached compiler stderr:
 
Has header "netinet/ip.h" : YES (cached)
Using cached compile:
Cached command line:  cc /home/cci/ashish/ash_open5gs/build/meson-private/tmpc0zsk8qp/testfile.c -pipe -E -P -D_FILE_OFFSET_BITS=64 -P -O0 -std=gnu89 

Code:
 
        #ifdef __has_include
         #if !__has_include("netinet/ip6.h")
          #error "Header 'netinet/ip6.h' could not be found"
         #endif
        #else
         #include <netinet/ip6.h>
        #endif
Cached compiler stdout:
 
Cached compiler stderr:
 
Has header "netinet/ip6.h" : YES (cached)
Using cached compile:
Cached command line:  cc /home/cci/ashish/ash_open5gs/build/meson-private/tmp87capmv7/testfile.c -pipe -E -P -D_FILE_OFFSET_BITS=64 -P -O0 -std=gnu89 

Code:
 
        #ifdef __has_include
         #if !__has_include("netinet/ip_icmp.h")
          #error "Header 'netinet/ip_icmp.h' could not be found"
         #endif
        #else
         #include <netinet/ip_icmp.h>
        #endif
Cached compiler stdout:
 
Cached compiler stderr:
 
Has header "netinet/ip_icmp.h" : YES (cached)
Using cached compile:
Cached command line:  cc /home/cci/ashish/ash_open5gs/build/meson-private/tmpav35y80i/testfile.c -pipe -E -P -D_FILE_OFFSET_BITS=64 -P -O0 -std=gnu89 

Code:
 
        #ifdef __has_include
         #if !__has_include("netinet/icmp6.h")
          #error "Header 'netinet/icmp6.h' could not be found"
         #endif
        #else
         #include <netinet/icmp6.h>
        #endif
Cached compiler stdout:
 
Cached compiler stderr:
 
Has header "netinet/icmp6.h" : YES (cached)
Configuring smf-config.h using configuration
Configuring open5gs-dbctl using configuration
Running compile:
Working directory:  /home/cci/ashish/ash_open5gs/build/meson-private/tmpzanb30cf
Command line:  cc /home/cci/ashish/ash_open5gs/build/meson-private/tmpzanb30cf/testfile.c -o /home/cci/ashish/ash_open5gs/build/meson-private/tmpzanb30cf/output.obj -pipe -c -D_FILE_OFFSET_BITS=64 -O0 -Wno-missing-prototypes -Wmissing-prototypes 

Code:
 int i;

Compiler stdout:
 
Compiler stderr:
 
Compiler for C supports arguments -Wno-missing-prototypes -Wmissing-prototypes: YES 
Running compile:
Working directory:  /home/cci/ashish/ash_open5gs/build/meson-private/tmpip4hij6_
Command line:  cc /home/cci/ashish/ash_open5gs/build/meson-private/tmpip4hij6_/testfile.c -o /home/cci/ashish/ash_open5gs/build/meson-private/tmpip4hij6_/output.obj -pipe -c -D_FILE_OFFSET_BITS=64 -O0 -Wno-missing-declarations -Wmissing-declarations 

Code:
 int i;

Compiler stdout:
 
Compiler stderr:
 
Compiler for C supports arguments -Wno-missing-declarations -Wmissing-declarations: YES 
Running compile:
Working directory:  /home/cci/ashish/ash_open5gs/build/meson-private/tmps8188wrd
Command line:  cc /home/cci/ashish/ash_open5gs/build/meson-private/tmps8188wrd/testfile.c -o /home/cci/ashish/ash_open5gs/build/meson-private/tmps8188wrd/output.obj -pipe -c -D_FILE_OFFSET_BITS=64 -O0 -Wno-discarded-qualifiers -Wdiscarded-qualifiers 

Code:
 int i;

Compiler stdout:
 
Compiler stderr:
 
Compiler for C supports arguments -Wno-discarded-qualifiers -Wdiscarded-qualifiers: YES 
Running compile:
Working directory:  /home/cci/ashish/ash_open5gs/build/meson-private/tmptqz6wo6t
Command line:  cc /home/cci/ashish/ash_open5gs/build/meson-private/tmptqz6wo6t/testfile.c -o /home/cci/ashish/ash_open5gs/build/meson-private/tmptqz6wo6t/output.obj -pipe -c -D_FILE_OFFSET_BITS=64 -O0 -Wno-incompatible-pointer-types -Wincompatible-pointer-types 

Code:
 int i;

Compiler stdout:
 
Compiler stderr:
 
Compiler for C supports arguments -Wno-incompatible-pointer-types -Wincompatible-pointer-types: YES 
Running compile:
Working directory:  /home/cci/ashish/ash_open5gs/build/meson-private/tmph1jxkgv9
Command line:  cc /home/cci/ashish/ash_open5gs/build/meson-private/tmph1jxkgv9/testfile.c -o /home/cci/ashish/ash_open5gs/build/meson-private/tmph1jxkgv9/output.obj -pipe -c -D_FILE_OFFSET_BITS=64 -O0 -Wno-unused-variable -Wunused-variable 

Code:
 int i;

Compiler stdout:
 
Compiler stderr:
 
Compiler for C supports arguments -Wno-unused-variable -Wunused-variable: YES 
Running compile:
Working directory:  /home/cci/ashish/ash_open5gs/build/meson-private/tmp1aix2bny
Command line:  cc /home/cci/ashish/ash_open5gs/build/meson-private/tmp1aix2bny/testfile.c -o /home/cci/ashish/ash_open5gs/build/meson-private/tmp1aix2bny/output.obj -pipe -c -D_FILE_OFFSET_BITS=64 -O0 -Wno-deprecated-declarations -Wdeprecated-declarations 

Code:
 int i;

Compiler stdout:
 
Compiler stderr:
 
Compiler for C supports arguments -Wno-deprecated-declarations -Wdeprecated-declarations: YES 
Adding test "core"
Adding test "crypt"
Adding test "sctp"
Adding test "unit"
Configuring test-config-private.h using configuration
Adding test "registration"
Adding test "vonr"
Adding test "slice"
Adding test "attach"
Adding test "volte"
Adding test "csfb"
Adding test "310014"
Adding test "handover"
Adding test "non3gpp"
Message: 
        prefix:                       /home/cci/ashish/ash_open5gs/install
        libdir:                       /home/cci/ashish/ash_open5gs/install/lib/x86_64-linux-gnu
        bindir:                       /home/cci/ashish/ash_open5gs/install/bin
        sysconfdir:                   /home/cci/ashish/ash_open5gs/install/etc
        localstatedir:                /home/cci/ashish/ash_open5gs/install/var
        build location:               /home/cci/ashish/ash_open5gs/build
        source location:              /home/cci/ashish/ash_open5gs
        compiler:                     gcc
        debugging support:            debug

Build targets in project: 95
WARNING: Project specifies a minimum meson_version '>= 0.43.0' but uses features which were added in newer versions:
 * 0.47.0: {'check arg in run_command'}
 * 0.51.0: {'subproject'}

open5gs 2.6.5

  Subprojects
           freeDiameter: YES
    prometheus-client-c: YES

Found ninja-1.10.0 at /usr/bin/ninja
Running compile:
Working directory:  /tmp/tmpwffwgqjs
Command line:  c++ /tmp/tmpwffwgqjs/testfile.cpp -o /tmp/tmpwffwgqjs/output.obj -pipe -D_FILE_OFFSET_BITS=64 -c -std=c++17 

Code:
 int i = static_cast<int>(0);
Compiler stdout:
 
Compiler stderr:
 
Compiler accepts -std=c++17: YES
